
*** Running vivado
    with args -log design_1_clk_wiz_0_0.vds -m64 -product Vivado -mode batch -messageDb vivado.pb -notrace -source design_1_clk_wiz_0_0.tcl


****** Vivado v2016.3 (64-bit)
  **** SW Build 1682563 on Mon Oct 10 19:07:26 MDT 2016
  **** IP Build 1681267 on Mon Oct 10 21:28:31 MDT 2016
    ** Copyright 1986-2016 Xilinx, Inc. All Rights Reserved.

source design_1_clk_wiz_0_0.tcl -notrace
Starting RTL Elaboration : Time (s): cpu = 00:00:07 ; elapsed = 00:00:07 . Memory (MB): peak = 1091.273 ; gain = 175.297 ; free physical = 654 ; free virtual = 9621
INFO: [Synth 8-638] synthesizing module 'design_1_clk_wiz_0_0' [/home/ravi/vivado_projects/multiple_microblaze/multiple_microblaze.srcs/sources_1/bd/design_1/ip/design_1_clk_wiz_0_0/design_1_clk_wiz_0_0.v:70]
INFO: [Synth 8-638] synthesizing module 'design_1_clk_wiz_0_0_clk_wiz' [/home/ravi/vivado_projects/multiple_microblaze/multiple_microblaze.srcs/sources_1/bd/design_1/ip/design_1_clk_wiz_0_0/design_1_clk_wiz_0_0_clk_wiz.v:68]
INFO: [Synth 8-638] synthesizing module 'IBUF' [/opt/Xilinx/Vivado/2016.3/scripts/rt/data/unisim_comp.v:14146]
INFO: [Synth 8-256] done synthesizing module 'IBUF' (1#1) [/opt/Xilinx/Vivado/2016.3/scripts/rt/data/unisim_comp.v:14146]
INFO: [Synth 8-638] synthesizing module 'MMCME2_ADV' [/opt/Xilinx/Vivado/2016.3/scripts/rt/data/unisim_comp.v:20414]
INFO: [Synth 8-256] done synthesizing module 'MMCME2_ADV' (2#1) [/opt/Xilinx/Vivado/2016.3/scripts/rt/data/unisim_comp.v:20414]
INFO: [Synth 8-638] synthesizing module 'BUFG' [/opt/Xilinx/Vivado/2016.3/scripts/rt/data/unisim_comp.v:607]
INFO: [Synth 8-256] done synthesizing module 'BUFG' (3#1) [/opt/Xilinx/Vivado/2016.3/scripts/rt/data/unisim_comp.v:607]
INFO: [Synth 8-256] done synthesizing module 'design_1_clk_wiz_0_0_clk_wiz' (4#1) [/home/ravi/vivado_projects/multiple_microblaze/multiple_microblaze.srcs/sources_1/bd/design_1/ip/design_1_clk_wiz_0_0/design_1_clk_wiz_0_0_clk_wiz.v:68]
INFO: [Synth 8-256] done synthesizing module 'design_1_clk_wiz_0_0' (5#1) [/home/ravi/vivado_projects/multiple_microblaze/multiple_microblaze.srcs/sources_1/bd/design_1/ip/design_1_clk_wiz_0_0/design_1_clk_wiz_0_0.v:70]
Finished RTL Elaboration : Time (s): cpu = 00:00:07 ; elapsed = 00:00:08 . Memory (MB): peak = 1131.750 ; gain = 215.773 ; free physical = 609 ; free virtual = 9577
Finished RTL Optimization Phase 1 : Time (s): cpu = 00:00:07 ; elapsed = 00:00:08 . Memory (MB): peak = 1131.750 ; gain = 215.773 ; free physical = 609 ; free virtual = 9577
INFO: [Device 21-403] Loading part xc7z010clg400-1
Constraint Validation Runtime : Time (s): cpu = 00:00:00.01 ; elapsed = 00:00:00.01 . Memory (MB): peak = 1370.961 ; gain = 0.000 ; free physical = 428 ; free virtual = 9396
Finished Constraint Validation : Time (s): cpu = 00:00:16 ; elapsed = 00:00:17 . Memory (MB): peak = 1370.961 ; gain = 454.984 ; free physical = 422 ; free virtual = 9390
Finished Loading Part and Timing Information : Time (s): cpu = 00:00:16 ; elapsed = 00:00:17 . Memory (MB): peak = 1370.961 ; gain = 454.984 ; free physical = 422 ; free virtual = 9390
Finished applying 'set_property' XDC Constraints : Time (s): cpu = 00:00:16 ; elapsed = 00:00:17 . Memory (MB): peak = 1370.961 ; gain = 454.984 ; free physical = 422 ; free virtual = 9389
Finished RTL Optimization Phase 2 : Time (s): cpu = 00:00:16 ; elapsed = 00:00:17 . Memory (MB): peak = 1370.961 ; gain = 454.984 ; free physical = 422 ; free virtual = 9389
Finished Cross Boundary and Area Optimization : Time (s): cpu = 00:00:16 ; elapsed = 00:00:17 . Memory (MB): peak = 1370.961 ; gain = 454.984 ; free physical = 421 ; free virtual = 9389
Finished Applying XDC Timing Constraints : Time (s): cpu = 00:00:25 ; elapsed = 00:00:25 . Memory (MB): peak = 1392.961 ; gain = 476.984 ; free physical = 924 ; free virtual = 9893
Finished Timing Optimization : Time (s): cpu = 00:00:25 ; elapsed = 00:00:25 . Memory (MB): peak = 1392.961 ; gain = 476.984 ; free physical = 923 ; free virtual = 9893
Finished Technology Mapping : Time (s): cpu = 00:00:25 ; elapsed = 00:00:25 . Memory (MB): peak = 1401.973 ; gain = 485.996 ; free physical = 914 ; free virtual = 9884
Finished IO Insertion : Time (s): cpu = 00:00:25 ; elapsed = 00:00:26 . Memory (MB): peak = 1401.977 ; gain = 486.000 ; free physical = 914 ; free virtual = 9884
Finished Renaming Generated Instances : Time (s): cpu = 00:00:25 ; elapsed = 00:00:26 . Memory (MB): peak = 1401.977 ; gain = 486.000 ; free physical = 914 ; free virtual = 9884
Finished Rebuilding User Hierarchy : Time (s): cpu = 00:00:25 ; elapsed = 00:00:26 . Memory (MB): peak = 1401.977 ; gain = 486.000 ; free physical = 914 ; free virtual = 9884
Finished Renaming Generated Ports : Time (s): cpu = 00:00:25 ; elapsed = 00:00:26 . Memory (MB): peak = 1401.977 ; gain = 486.000 ; free physical = 914 ; free virtual = 9884
Finished Handling Custom Attributes : Time (s): cpu = 00:00:25 ; elapsed = 00:00:26 . Memory (MB): peak = 1401.977 ; gain = 486.000 ; free physical = 914 ; free virtual = 9884
Finished Renaming Generated Nets : Time (s): cpu = 00:00:25 ; elapsed = 00:00:26 . Memory (MB): peak = 1401.977 ; gain = 486.000 ; free physical = 914 ; free virtual = 9884

Report Cell Usage: 
+------+-----------+------+
|      |Cell       |Count |
+------+-----------+------+
|1     |BUFG       |     2|
|2     |MMCME2_ADV |     1|
|3     |IBUF       |     1|
+------+-----------+------+
Finished Writing Synthesis Report : Time (s): cpu = 00:00:25 ; elapsed = 00:00:26 . Memory (MB): peak = 1401.977 ; gain = 486.000 ; free physical = 914 ; free virtual = 9884
synth_design: Time (s): cpu = 00:00:26 ; elapsed = 00:00:26 . Memory (MB): peak = 1734.121 ; gain = 726.426 ; free physical = 587 ; free virtual = 9556
