
*** Running vivado
    with args -log design_1_microblaze_0_xlconcat_1.vds -m64 -product Vivado -mode batch -messageDb vivado.pb -notrace -source design_1_microblaze_0_xlconcat_1.tcl


****** Vivado v2016.3 (64-bit)
  **** SW Build 1682563 on Mon Oct 10 19:07:26 MDT 2016
  **** IP Build 1681267 on Mon Oct 10 21:28:31 MDT 2016
    ** Copyright 1986-2016 Xilinx, Inc. All Rights Reserved.

source design_1_microblaze_0_xlconcat_1.tcl -notrace
Starting RTL Elaboration : Time (s): cpu = 00:00:06 ; elapsed = 00:00:06 . Memory (MB): peak = 1091.277 ; gain = 175.297 ; free physical = 763 ; free virtual = 11647
INFO: [Synth 8-638] synthesizing module 'design_1_microblaze_0_xlconcat_1' [/home/ravi/ThesisWork/multiple_microblaze/multiple_microblaze.srcs/sources_1/bd/design_1/ip/design_1_microblaze_0_xlconcat_1/synth/design_1_microblaze_0_xlconcat_1.vhd:67]
INFO: [Synth 8-638] synthesizing module 'xlconcat' [/home/ravi/ThesisWork/multiple_microblaze/multiple_microblaze.srcs/sources_1/bd/design_1/ipshared/2e37/xlconcat.vhd:100]
INFO: [Synth 8-256] done synthesizing module 'xlconcat' (1#1) [/home/ravi/ThesisWork/multiple_microblaze/multiple_microblaze.srcs/sources_1/bd/design_1/ipshared/2e37/xlconcat.vhd:100]
INFO: [Synth 8-256] done synthesizing module 'design_1_microblaze_0_xlconcat_1' (2#1) [/home/ravi/ThesisWork/multiple_microblaze/multiple_microblaze.srcs/sources_1/bd/design_1/ip/design_1_microblaze_0_xlconcat_1/synth/design_1_microblaze_0_xlconcat_1.vhd:67]
Finished RTL Elaboration : Time (s): cpu = 00:00:07 ; elapsed = 00:00:07 . Memory (MB): peak = 1131.754 ; gain = 215.773 ; free physical = 720 ; free virtual = 11604
Finished RTL Optimization Phase 1 : Time (s): cpu = 00:00:07 ; elapsed = 00:00:07 . Memory (MB): peak = 1131.754 ; gain = 215.773 ; free physical = 720 ; free virtual = 11604
INFO: [Device 21-403] Loading part xc7z010clg400-1
Constraint Validation Runtime : Time (s): cpu = 00:00:00.01 ; elapsed = 00:00:00 . Memory (MB): peak = 1356.988 ; gain = 0.000 ; free physical = 525 ; free virtual = 11408
Finished Constraint Validation : Time (s): cpu = 00:00:15 ; elapsed = 00:00:16 . Memory (MB): peak = 1356.988 ; gain = 441.008 ; free physical = 1028 ; free virtual = 11914
Finished Loading Part and Timing Information : Time (s): cpu = 00:00:15 ; elapsed = 00:00:16 . Memory (MB): peak = 1356.988 ; gain = 441.008 ; free physical = 1028 ; free virtual = 11914
Finished applying 'set_property' XDC Constraints : Time (s): cpu = 00:00:15 ; elapsed = 00:00:16 . Memory (MB): peak = 1356.988 ; gain = 441.008 ; free physical = 1028 ; free virtual = 11914
Finished RTL Optimization Phase 2 : Time (s): cpu = 00:00:15 ; elapsed = 00:00:16 . Memory (MB): peak = 1356.988 ; gain = 441.008 ; free physical = 1025 ; free virtual = 11910
Finished Cross Boundary and Area Optimization : Time (s): cpu = 00:00:16 ; elapsed = 00:00:16 . Memory (MB): peak = 1356.988 ; gain = 441.008 ; free physical = 1024 ; free virtual = 11910
Finished Applying XDC Timing Constraints : Time (s): cpu = 00:00:24 ; elapsed = 00:00:25 . Memory (MB): peak = 1394.988 ; gain = 479.008 ; free physical = 799 ; free virtual = 11685
Finished Timing Optimization : Time (s): cpu = 00:00:24 ; elapsed = 00:00:25 . Memory (MB): peak = 1394.988 ; gain = 479.008 ; free physical = 799 ; free virtual = 11685
Finished Technology Mapping : Time (s): cpu = 00:00:24 ; elapsed = 00:00:25 . Memory (MB): peak = 1404.000 ; gain = 488.020 ; free physical = 791 ; free virtual = 11676
Finished IO Insertion : Time (s): cpu = 00:00:25 ; elapsed = 00:00:25 . Memory (MB): peak = 1404.004 ; gain = 488.023 ; free physical = 786 ; free virtual = 11672
Finished Renaming Generated Instances : Time (s): cpu = 00:00:25 ; elapsed = 00:00:25 . Memory (MB): peak = 1404.004 ; gain = 488.023 ; free physical = 786 ; free virtual = 11672
Finished Rebuilding User Hierarchy : Time (s): cpu = 00:00:25 ; elapsed = 00:00:25 . Memory (MB): peak = 1404.004 ; gain = 488.023 ; free physical = 786 ; free virtual = 11672
Finished Renaming Generated Ports : Time (s): cpu = 00:00:25 ; elapsed = 00:00:25 . Memory (MB): peak = 1404.004 ; gain = 488.023 ; free physical = 786 ; free virtual = 11672
Finished Handling Custom Attributes : Time (s): cpu = 00:00:25 ; elapsed = 00:00:25 . Memory (MB): peak = 1404.004 ; gain = 488.023 ; free physical = 786 ; free virtual = 11671
Finished Renaming Generated Nets : Time (s): cpu = 00:00:25 ; elapsed = 00:00:25 . Memory (MB): peak = 1404.004 ; gain = 488.023 ; free physical = 786 ; free virtual = 11671

Report Cell Usage: 
+-+-----+------+
| |Cell |Count |
+-+-----+------+
+-+-----+------+
Finished Writing Synthesis Report : Time (s): cpu = 00:00:25 ; elapsed = 00:00:25 . Memory (MB): peak = 1404.004 ; gain = 488.023 ; free physical = 786 ; free virtual = 11671
synth_design: Time (s): cpu = 00:00:23 ; elapsed = 00:00:23 . Memory (MB): peak = 1410.000 ; gain = 401.301 ; free physical = 771 ; free virtual = 11657
