
*** Running vivado
    with args -log design_1_lmb_bram_5.vds -m64 -product Vivado -mode batch -messageDb vivado.pb -notrace -source design_1_lmb_bram_5.tcl


****** Vivado v2016.3 (64-bit)
  **** SW Build 1682563 on Mon Oct 10 19:07:26 MDT 2016
  **** IP Build 1681267 on Mon Oct 10 21:28:31 MDT 2016
    ** Copyright 1986-2016 Xilinx, Inc. All Rights Reserved.

source design_1_lmb_bram_5.tcl -notrace
Starting RTL Elaboration : Time (s): cpu = 00:00:07 ; elapsed = 00:00:07 . Memory (MB): peak = 1090.277 ; gain = 174.301 ; free physical = 666 ; free virtual = 9652
INFO: [Synth 8-638] synthesizing module 'design_1_lmb_bram_5' [/home/ravi/vivado_projects/multiple_microblaze/multiple_microblaze.srcs/sources_1/bd/design_1/ip/design_1_lmb_bram_5/synth/design_1_lmb_bram_5.vhd:78]
INFO: [Synth 8-256] done synthesizing module 'design_1_lmb_bram_5' (11#1) [/home/ravi/vivado_projects/multiple_microblaze/multiple_microblaze.srcs/sources_1/bd/design_1/ip/design_1_lmb_bram_5/synth/design_1_lmb_bram_5.vhd:78]
Finished RTL Elaboration : Time (s): cpu = 00:01:06 ; elapsed = 00:01:06 . Memory (MB): peak = 1290.953 ; gain = 374.977 ; free physical = 713 ; free virtual = 9705
Finished RTL Optimization Phase 1 : Time (s): cpu = 00:01:06 ; elapsed = 00:01:06 . Memory (MB): peak = 1290.953 ; gain = 374.977 ; free physical = 713 ; free virtual = 9705
INFO: [Device 21-403] Loading part xc7z010clg400-1
Constraint Validation Runtime : Time (s): cpu = 00:00:00.03 ; elapsed = 00:00:00.03 . Memory (MB): peak = 1434.812 ; gain = 0.004 ; free physical = 804 ; free virtual = 9796
Finished Constraint Validation : Time (s): cpu = 00:01:16 ; elapsed = 00:01:17 . Memory (MB): peak = 1434.812 ; gain = 518.836 ; free physical = 668 ; free virtual = 9661
Finished Loading Part and Timing Information : Time (s): cpu = 00:01:16 ; elapsed = 00:01:17 . Memory (MB): peak = 1434.812 ; gain = 518.836 ; free physical = 668 ; free virtual = 9661
Finished applying 'set_property' XDC Constraints : Time (s): cpu = 00:01:16 ; elapsed = 00:01:17 . Memory (MB): peak = 1434.812 ; gain = 518.836 ; free physical = 668 ; free virtual = 9661
Finished RTL Optimization Phase 2 : Time (s): cpu = 00:01:17 ; elapsed = 00:01:18 . Memory (MB): peak = 1434.812 ; gain = 518.836 ; free physical = 662 ; free virtual = 9655
Finished Cross Boundary and Area Optimization : Time (s): cpu = 00:01:17 ; elapsed = 00:01:18 . Memory (MB): peak = 1434.812 ; gain = 518.836 ; free physical = 650 ; free virtual = 9643
Finished Applying XDC Timing Constraints : Time (s): cpu = 00:01:26 ; elapsed = 00:01:27 . Memory (MB): peak = 1434.812 ; gain = 518.836 ; free physical = 721 ; free virtual = 9714
Finished Timing Optimization : Time (s): cpu = 00:01:26 ; elapsed = 00:01:27 . Memory (MB): peak = 1434.812 ; gain = 518.836 ; free physical = 687 ; free virtual = 9681
Finished Technology Mapping : Time (s): cpu = 00:01:26 ; elapsed = 00:01:27 . Memory (MB): peak = 1434.812 ; gain = 518.836 ; free physical = 668 ; free virtual = 9661
Finished IO Insertion : Time (s): cpu = 00:01:27 ; elapsed = 00:01:28 . Memory (MB): peak = 1434.812 ; gain = 518.836 ; free physical = 601 ; free virtual = 9595
Finished Renaming Generated Instances : Time (s): cpu = 00:01:27 ; elapsed = 00:01:28 . Memory (MB): peak = 1434.812 ; gain = 518.836 ; free physical = 601 ; free virtual = 9595
Finished Rebuilding User Hierarchy : Time (s): cpu = 00:01:27 ; elapsed = 00:01:28 . Memory (MB): peak = 1434.812 ; gain = 518.836 ; free physical = 601 ; free virtual = 9594
Finished Renaming Generated Ports : Time (s): cpu = 00:01:27 ; elapsed = 00:01:28 . Memory (MB): peak = 1434.812 ; gain = 518.836 ; free physical = 601 ; free virtual = 9594
Finished Handling Custom Attributes : Time (s): cpu = 00:01:27 ; elapsed = 00:01:28 . Memory (MB): peak = 1434.812 ; gain = 518.836 ; free physical = 600 ; free virtual = 9594
Finished Renaming Generated Nets : Time (s): cpu = 00:01:27 ; elapsed = 00:01:28 . Memory (MB): peak = 1434.812 ; gain = 518.836 ; free physical = 600 ; free virtual = 9594

Report Cell Usage: 
+------+---------+------+
|      |Cell     |Count |
+------+---------+------+
|1     |RAMB36E1 |    16|
+------+---------+------+
Finished Writing Synthesis Report : Time (s): cpu = 00:01:27 ; elapsed = 00:01:28 . Memory (MB): peak = 1434.812 ; gain = 518.836 ; free physical = 600 ; free virtual = 9594
synth_design: Time (s): cpu = 00:01:26 ; elapsed = 00:01:27 . Memory (MB): peak = 1449.328 ; gain = 440.633 ; free physical = 581 ; free virtual = 9575
