
*** Running vivado
    with args -log design_1_clk_wiz_0_0.vds -m64 -product Vivado -mode batch -messageDb vivado.pb -notrace -source design_1_clk_wiz_0_0.tcl


****** Vivado v2016.3 (64-bit)
  **** SW Build 1682563 on Mon Oct 10 19:07:26 MDT 2016
  **** IP Build 1681267 on Mon Oct 10 21:28:31 MDT 2016
    ** Copyright 1986-2016 Xilinx, Inc. All Rights Reserved.

source design_1_clk_wiz_0_0.tcl -notrace
Starting RTL Elaboration : Time (s): cpu = 00:00:06 ; elapsed = 00:00:07 . Memory (MB): peak = 1092.277 ; gain = 176.297 ; free physical = 703 ; free virtual = 11595
INFO: [Synth 8-638] synthesizing module 'design_1_clk_wiz_0_0' [/home/ravi/ThesisWork/multiple_microblaze/multiple_microblaze.srcs/sources_1/bd/design_1/ip/design_1_clk_wiz_0_0/design_1_clk_wiz_0_0.v:70]
INFO: [Synth 8-638] synthesizing module 'design_1_clk_wiz_0_0_clk_wiz' [/home/ravi/ThesisWork/multiple_microblaze/multiple_microblaze.srcs/sources_1/bd/design_1/ip/design_1_clk_wiz_0_0/design_1_clk_wiz_0_0_clk_wiz.v:68]
INFO: [Synth 8-638] synthesizing module 'IBUF' [/opt/Xilinx/Vivado/2016.3/scripts/rt/data/unisim_comp.v:14146]
INFO: [Synth 8-256] done synthesizing module 'IBUF' (1#1) [/opt/Xilinx/Vivado/2016.3/scripts/rt/data/unisim_comp.v:14146]
INFO: [Synth 8-638] synthesizing module 'MMCME2_ADV' [/opt/Xilinx/Vivado/2016.3/scripts/rt/data/unisim_comp.v:20414]
INFO: [Synth 8-256] done synthesizing module 'MMCME2_ADV' (2#1) [/opt/Xilinx/Vivado/2016.3/scripts/rt/data/unisim_comp.v:20414]
INFO: [Synth 8-638] synthesizing module 'BUFG' [/opt/Xilinx/Vivado/2016.3/scripts/rt/data/unisim_comp.v:607]
INFO: [Synth 8-256] done synthesizing module 'BUFG' (3#1) [/opt/Xilinx/Vivado/2016.3/scripts/rt/data/unisim_comp.v:607]
INFO: [Synth 8-256] done synthesizing module 'design_1_clk_wiz_0_0_clk_wiz' (4#1) [/home/ravi/ThesisWork/multiple_microblaze/multiple_microblaze.srcs/sources_1/bd/design_1/ip/design_1_clk_wiz_0_0/design_1_clk_wiz_0_0_clk_wiz.v:68]
INFO: [Synth 8-256] done synthesizing module 'design_1_clk_wiz_0_0' (5#1) [/home/ravi/ThesisWork/multiple_microblaze/multiple_microblaze.srcs/sources_1/bd/design_1/ip/design_1_clk_wiz_0_0/design_1_clk_wiz_0_0.v:70]
Finished RTL Elaboration : Time (s): cpu = 00:00:07 ; elapsed = 00:00:07 . Memory (MB): peak = 1133.754 ; gain = 217.773 ; free physical = 656 ; free virtual = 11549
Finished RTL Optimization Phase 1 : Time (s): cpu = 00:00:07 ; elapsed = 00:00:07 . Memory (MB): peak = 1133.754 ; gain = 217.773 ; free physical = 656 ; free virtual = 11549
INFO: [Device 21-403] Loading part xc7z010clg400-1
Constraint Validation Runtime : Time (s): cpu = 00:00:00.01 ; elapsed = 00:00:00.01 . Memory (MB): peak = 1372.973 ; gain = 0.000 ; free physical = 479 ; free virtual = 11372
Finished Constraint Validation : Time (s): cpu = 00:00:16 ; elapsed = 00:00:16 . Memory (MB): peak = 1372.973 ; gain = 456.992 ; free physical = 474 ; free virtual = 11367
Finished Loading Part and Timing Information : Time (s): cpu = 00:00:16 ; elapsed = 00:00:16 . Memory (MB): peak = 1372.973 ; gain = 456.992 ; free physical = 474 ; free virtual = 11367
Finished applying 'set_property' XDC Constraints : Time (s): cpu = 00:00:16 ; elapsed = 00:00:16 . Memory (MB): peak = 1372.973 ; gain = 456.992 ; free physical = 474 ; free virtual = 11367
Finished RTL Optimization Phase 2 : Time (s): cpu = 00:00:16 ; elapsed = 00:00:16 . Memory (MB): peak = 1372.973 ; gain = 456.992 ; free physical = 474 ; free virtual = 11367
Finished Cross Boundary and Area Optimization : Time (s): cpu = 00:00:16 ; elapsed = 00:00:16 . Memory (MB): peak = 1372.973 ; gain = 456.992 ; free physical = 473 ; free virtual = 11366
Finished Applying XDC Timing Constraints : Time (s): cpu = 00:00:27 ; elapsed = 00:00:27 . Memory (MB): peak = 1393.973 ; gain = 477.992 ; free physical = 929 ; free virtual = 11848
Finished Timing Optimization : Time (s): cpu = 00:00:27 ; elapsed = 00:00:27 . Memory (MB): peak = 1393.973 ; gain = 477.992 ; free physical = 929 ; free virtual = 11848
Finished Technology Mapping : Time (s): cpu = 00:00:27 ; elapsed = 00:00:27 . Memory (MB): peak = 1403.984 ; gain = 488.004 ; free physical = 921 ; free virtual = 11840
Finished IO Insertion : Time (s): cpu = 00:00:27 ; elapsed = 00:00:28 . Memory (MB): peak = 1403.988 ; gain = 488.008 ; free physical = 929 ; free virtual = 11839
Finished Renaming Generated Instances : Time (s): cpu = 00:00:27 ; elapsed = 00:00:28 . Memory (MB): peak = 1403.988 ; gain = 488.008 ; free physical = 929 ; free virtual = 11839
Finished Rebuilding User Hierarchy : Time (s): cpu = 00:00:27 ; elapsed = 00:00:28 . Memory (MB): peak = 1403.988 ; gain = 488.008 ; free physical = 929 ; free virtual = 11839
Finished Renaming Generated Ports : Time (s): cpu = 00:00:27 ; elapsed = 00:00:28 . Memory (MB): peak = 1403.988 ; gain = 488.008 ; free physical = 929 ; free virtual = 11839
Finished Handling Custom Attributes : Time (s): cpu = 00:00:27 ; elapsed = 00:00:28 . Memory (MB): peak = 1403.988 ; gain = 488.008 ; free physical = 929 ; free virtual = 11839
Finished Renaming Generated Nets : Time (s): cpu = 00:00:27 ; elapsed = 00:00:28 . Memory (MB): peak = 1403.988 ; gain = 488.008 ; free physical = 929 ; free virtual = 11839

Report Cell Usage: 
+------+-----------+------+
|      |Cell       |Count |
+------+-----------+------+
|1     |BUFG       |     2|
|2     |MMCME2_ADV |     1|
|3     |IBUF       |     1|
+------+-----------+------+
Finished Writing Synthesis Report : Time (s): cpu = 00:00:27 ; elapsed = 00:00:28 . Memory (MB): peak = 1403.988 ; gain = 488.008 ; free physical = 929 ; free virtual = 11839
synth_design: Time (s): cpu = 00:00:29 ; elapsed = 00:00:29 . Memory (MB): peak = 1736.133 ; gain = 727.434 ; free physical = 603 ; free virtual = 11515
