
*** Running vivado
    with args -log design_1_axi_gpio_4_1.vds -m64 -product Vivado -mode batch -messageDb vivado.pb -notrace -source design_1_axi_gpio_4_1.tcl


****** Vivado v2016.3 (64-bit)
  **** SW Build 1682563 on Mon Oct 10 19:07:26 MDT 2016
  **** IP Build 1681267 on Mon Oct 10 21:28:31 MDT 2016
    ** Copyright 1986-2016 Xilinx, Inc. All Rights Reserved.

source design_1_axi_gpio_4_1.tcl -notrace
Starting RTL Elaboration : Time (s): cpu = 00:00:11 ; elapsed = 00:00:12 . Memory (MB): peak = 1101.277 ; gain = 185.297 ; free physical = 3897 ; free virtual = 12662
INFO: [Synth 8-638] synthesizing module 'design_1_axi_gpio_4_1' [/home/ravi/ThesisWork/multiple_microblaze/multiple_microblaze.srcs/sources_1/bd/design_1/ip/design_1_axi_gpio_4_1/synth/design_1_axi_gpio_4_1.vhd:84]
INFO: [Synth 8-638] synthesizing module 'axi_gpio' [/home/ravi/ThesisWork/multiple_microblaze/multiple_microblaze.srcs/sources_1/bd/design_1/ipshared/475c/hdl/axi_gpio_v2_0_vh_rfs.vhd:1091]
INFO: [Synth 8-638] synthesizing module 'axi_lite_ipif' [/home/ravi/ThesisWork/multiple_microblaze/multiple_microblaze.srcs/sources_1/bd/design_1/ipshared/0ba0/hdl/axi_lite_ipif_v3_0_vh_rfs.vhd:2948]
INFO: [Synth 8-638] synthesizing module 'slave_attachment' [/home/ravi/ThesisWork/multiple_microblaze/multiple_microblaze.srcs/sources_1/bd/design_1/ipshared/0ba0/hdl/axi_lite_ipif_v3_0_vh_rfs.vhd:2341]
INFO: [Synth 8-638] synthesizing module 'address_decoder' [/home/ravi/ThesisWork/multiple_microblaze/multiple_microblaze.srcs/sources_1/bd/design_1/ipshared/0ba0/hdl/axi_lite_ipif_v3_0_vh_rfs.vhd:1775]
INFO: [Synth 8-638] synthesizing module 'pselect_f' [/home/ravi/ThesisWork/multiple_microblaze/multiple_microblaze.srcs/sources_1/bd/design_1/ipshared/0ba0/hdl/axi_lite_ipif_v3_0_vh_rfs.vhd:1534]
INFO: [Synth 8-256] done synthesizing module 'pselect_f' (1#1) [/home/ravi/ThesisWork/multiple_microblaze/multiple_microblaze.srcs/sources_1/bd/design_1/ipshared/0ba0/hdl/axi_lite_ipif_v3_0_vh_rfs.vhd:1534]
INFO: [Synth 8-638] synthesizing module 'pselect_f__parameterized0' [/home/ravi/ThesisWork/multiple_microblaze/multiple_microblaze.srcs/sources_1/bd/design_1/ipshared/0ba0/hdl/axi_lite_ipif_v3_0_vh_rfs.vhd:1534]
INFO: [Synth 8-256] done synthesizing module 'pselect_f__parameterized0' (1#1) [/home/ravi/ThesisWork/multiple_microblaze/multiple_microblaze.srcs/sources_1/bd/design_1/ipshared/0ba0/hdl/axi_lite_ipif_v3_0_vh_rfs.vhd:1534]
INFO: [Synth 8-638] synthesizing module 'pselect_f__parameterized1' [/home/ravi/ThesisWork/multiple_microblaze/multiple_microblaze.srcs/sources_1/bd/design_1/ipshared/0ba0/hdl/axi_lite_ipif_v3_0_vh_rfs.vhd:1534]
INFO: [Synth 8-256] done synthesizing module 'pselect_f__parameterized1' (1#1) [/home/ravi/ThesisWork/multiple_microblaze/multiple_microblaze.srcs/sources_1/bd/design_1/ipshared/0ba0/hdl/axi_lite_ipif_v3_0_vh_rfs.vhd:1534]
INFO: [Synth 8-638] synthesizing module 'pselect_f__parameterized2' [/home/ravi/ThesisWork/multiple_microblaze/multiple_microblaze.srcs/sources_1/bd/design_1/ipshared/0ba0/hdl/axi_lite_ipif_v3_0_vh_rfs.vhd:1534]
INFO: [Synth 8-256] done synthesizing module 'pselect_f__parameterized2' (1#1) [/home/ravi/ThesisWork/multiple_microblaze/multiple_microblaze.srcs/sources_1/bd/design_1/ipshared/0ba0/hdl/axi_lite_ipif_v3_0_vh_rfs.vhd:1534]
INFO: [Synth 8-256] done synthesizing module 'address_decoder' (2#1) [/home/ravi/ThesisWork/multiple_microblaze/multiple_microblaze.srcs/sources_1/bd/design_1/ipshared/0ba0/hdl/axi_lite_ipif_v3_0_vh_rfs.vhd:1775]
INFO: [Synth 8-256] done synthesizing module 'slave_attachment' (3#1) [/home/ravi/ThesisWork/multiple_microblaze/multiple_microblaze.srcs/sources_1/bd/design_1/ipshared/0ba0/hdl/axi_lite_ipif_v3_0_vh_rfs.vhd:2341]
INFO: [Synth 8-256] done synthesizing module 'axi_lite_ipif' (4#1) [/home/ravi/ThesisWork/multiple_microblaze/multiple_microblaze.srcs/sources_1/bd/design_1/ipshared/0ba0/hdl/axi_lite_ipif_v3_0_vh_rfs.vhd:2948]
INFO: [Synth 8-638] synthesizing module 'GPIO_Core' [/home/ravi/ThesisWork/multiple_microblaze/multiple_microblaze.srcs/sources_1/bd/design_1/ipshared/475c/hdl/axi_gpio_v2_0_vh_rfs.vhd:173]
INFO: [Synth 8-638] synthesizing module 'cdc_sync' [/home/ravi/ThesisWork/multiple_microblaze/multiple_microblaze.srcs/sources_1/bd/design_1/ipshared/52cb/hdl/lib_cdc_v1_0_rfs.vhd:106]
INFO: [Synth 8-256] done synthesizing module 'cdc_sync' (5#1) [/home/ravi/ThesisWork/multiple_microblaze/multiple_microblaze.srcs/sources_1/bd/design_1/ipshared/52cb/hdl/lib_cdc_v1_0_rfs.vhd:106]
INFO: [Synth 8-256] done synthesizing module 'GPIO_Core' (6#1) [/home/ravi/ThesisWork/multiple_microblaze/multiple_microblaze.srcs/sources_1/bd/design_1/ipshared/475c/hdl/axi_gpio_v2_0_vh_rfs.vhd:173]
INFO: [Synth 8-256] done synthesizing module 'axi_gpio' (7#1) [/home/ravi/ThesisWork/multiple_microblaze/multiple_microblaze.srcs/sources_1/bd/design_1/ipshared/475c/hdl/axi_gpio_v2_0_vh_rfs.vhd:1091]
INFO: [Synth 8-256] done synthesizing module 'design_1_axi_gpio_4_1' (8#1) [/home/ravi/ThesisWork/multiple_microblaze/multiple_microblaze.srcs/sources_1/bd/design_1/ip/design_1_axi_gpio_4_1/synth/design_1_axi_gpio_4_1.vhd:84]
Finished RTL Elaboration : Time (s): cpu = 00:00:12 ; elapsed = 00:00:13 . Memory (MB): peak = 1143.754 ; gain = 227.773 ; free physical = 3849 ; free virtual = 12615
Finished RTL Optimization Phase 1 : Time (s): cpu = 00:00:12 ; elapsed = 00:00:14 . Memory (MB): peak = 1143.754 ; gain = 227.773 ; free physical = 3846 ; free virtual = 12612
INFO: [Device 21-403] Loading part xc7z010clg400-1
Constraint Validation Runtime : Time (s): cpu = 00:00:00.03 ; elapsed = 00:00:00.03 . Memory (MB): peak = 1462.980 ; gain = 0.004 ; free physical = 3322 ; free virtual = 12089
Finished Constraint Validation : Time (s): cpu = 00:00:26 ; elapsed = 00:00:28 . Memory (MB): peak = 1462.980 ; gain = 547.000 ; free physical = 3617 ; free virtual = 12388
Finished Loading Part and Timing Information : Time (s): cpu = 00:00:26 ; elapsed = 00:00:28 . Memory (MB): peak = 1462.980 ; gain = 547.000 ; free physical = 3617 ; free virtual = 12388
Finished applying 'set_property' XDC Constraints : Time (s): cpu = 00:00:26 ; elapsed = 00:00:28 . Memory (MB): peak = 1462.980 ; gain = 547.000 ; free physical = 3617 ; free virtual = 12387
Finished RTL Optimization Phase 2 : Time (s): cpu = 00:00:26 ; elapsed = 00:00:29 . Memory (MB): peak = 1462.980 ; gain = 547.000 ; free physical = 3671 ; free virtual = 12442
Finished Cross Boundary and Area Optimization : Time (s): cpu = 00:00:27 ; elapsed = 00:00:30 . Memory (MB): peak = 1462.984 ; gain = 547.004 ; free physical = 3562 ; free virtual = 12333
Finished Applying XDC Timing Constraints : Time (s): cpu = 00:00:39 ; elapsed = 00:00:44 . Memory (MB): peak = 1462.984 ; gain = 547.004 ; free physical = 3215 ; free virtual = 11989
Finished Timing Optimization : Time (s): cpu = 00:00:39 ; elapsed = 00:00:44 . Memory (MB): peak = 1462.984 ; gain = 547.004 ; free physical = 3205 ; free virtual = 11979
Finished Technology Mapping : Time (s): cpu = 00:00:40 ; elapsed = 00:00:44 . Memory (MB): peak = 1462.984 ; gain = 547.004 ; free physical = 3188 ; free virtual = 11965
Finished IO Insertion : Time (s): cpu = 00:00:40 ; elapsed = 00:00:45 . Memory (MB): peak = 1462.984 ; gain = 547.004 ; free physical = 3330 ; free virtual = 12106
Finished Renaming Generated Instances : Time (s): cpu = 00:00:40 ; elapsed = 00:00:45 . Memory (MB): peak = 1462.984 ; gain = 547.004 ; free physical = 3330 ; free virtual = 12106
Finished Rebuilding User Hierarchy : Time (s): cpu = 00:00:40 ; elapsed = 00:00:45 . Memory (MB): peak = 1462.984 ; gain = 547.004 ; free physical = 3330 ; free virtual = 12106
Finished Renaming Generated Ports : Time (s): cpu = 00:00:40 ; elapsed = 00:00:45 . Memory (MB): peak = 1462.984 ; gain = 547.004 ; free physical = 3330 ; free virtual = 12106
Finished Handling Custom Attributes : Time (s): cpu = 00:00:40 ; elapsed = 00:00:45 . Memory (MB): peak = 1462.984 ; gain = 547.004 ; free physical = 3330 ; free virtual = 12106
Finished Renaming Generated Nets : Time (s): cpu = 00:00:40 ; elapsed = 00:00:45 . Memory (MB): peak = 1462.984 ; gain = 547.004 ; free physical = 3330 ; free virtual = 12106

Report Cell Usage: 
+------+-----+------+
|      |Cell |Count |
+------+-----+------+
|1     |LUT1 |     2|
|2     |LUT2 |     5|
|3     |LUT3 |     4|
|4     |LUT4 |     3|
|5     |LUT5 |    11|
|6     |LUT6 |    38|
|7     |FDR  |   128|
|8     |FDRE |   181|
|9     |FDSE |    32|
+------+-----+------+
Finished Writing Synthesis Report : Time (s): cpu = 00:00:40 ; elapsed = 00:00:45 . Memory (MB): peak = 1462.984 ; gain = 547.004 ; free physical = 3330 ; free virtual = 12106
synth_design: Time (s): cpu = 00:00:38 ; elapsed = 00:00:42 . Memory (MB): peak = 1462.984 ; gain = 450.285 ; free physical = 3309 ; free virtual = 12086
