
*** Running vivado
    with args -log design_1_lmb_bram_6.vds -m64 -product Vivado -mode batch -messageDb vivado.pb -notrace -source design_1_lmb_bram_6.tcl


****** Vivado v2016.3 (64-bit)
  **** SW Build 1682563 on Mon Oct 10 19:07:26 MDT 2016
  **** IP Build 1681267 on Mon Oct 10 21:28:31 MDT 2016
    ** Copyright 1986-2016 Xilinx, Inc. All Rights Reserved.

source design_1_lmb_bram_6.tcl -notrace
Starting RTL Elaboration : Time (s): cpu = 00:00:08 ; elapsed = 00:00:08 . Memory (MB): peak = 1090.281 ; gain = 174.301 ; free physical = 1125 ; free virtual = 10106
INFO: [Synth 8-638] synthesizing module 'design_1_lmb_bram_6' [/home/ravi/vivado_projects/multiple_microblaze/multiple_microblaze.srcs/sources_1/bd/design_1/ip/design_1_lmb_bram_6/synth/design_1_lmb_bram_6.vhd:78]
INFO: [Synth 8-256] done synthesizing module 'design_1_lmb_bram_6' (11#1) [/home/ravi/vivado_projects/multiple_microblaze/multiple_microblaze.srcs/sources_1/bd/design_1/ip/design_1_lmb_bram_6/synth/design_1_lmb_bram_6.vhd:78]
Finished RTL Elaboration : Time (s): cpu = 00:01:08 ; elapsed = 00:01:09 . Memory (MB): peak = 1290.957 ; gain = 374.977 ; free physical = 705 ; free virtual = 9690
Finished RTL Optimization Phase 1 : Time (s): cpu = 00:01:08 ; elapsed = 00:01:09 . Memory (MB): peak = 1290.957 ; gain = 374.977 ; free physical = 701 ; free virtual = 9687
INFO: [Device 21-403] Loading part xc7z010clg400-1
Constraint Validation Runtime : Time (s): cpu = 00:00:00.03 ; elapsed = 00:00:00.02 . Memory (MB): peak = 1434.816 ; gain = 0.004 ; free physical = 534 ; free virtual = 9520
Finished Constraint Validation : Time (s): cpu = 00:01:17 ; elapsed = 00:01:18 . Memory (MB): peak = 1434.816 ; gain = 518.836 ; free physical = 521 ; free virtual = 9507
Finished Loading Part and Timing Information : Time (s): cpu = 00:01:17 ; elapsed = 00:01:18 . Memory (MB): peak = 1434.816 ; gain = 518.836 ; free physical = 521 ; free virtual = 9507
Finished applying 'set_property' XDC Constraints : Time (s): cpu = 00:01:17 ; elapsed = 00:01:18 . Memory (MB): peak = 1434.816 ; gain = 518.836 ; free physical = 521 ; free virtual = 9507
Finished RTL Optimization Phase 2 : Time (s): cpu = 00:01:18 ; elapsed = 00:01:19 . Memory (MB): peak = 1434.816 ; gain = 518.836 ; free physical = 521 ; free virtual = 9507
Finished Cross Boundary and Area Optimization : Time (s): cpu = 00:01:18 ; elapsed = 00:01:19 . Memory (MB): peak = 1434.816 ; gain = 518.836 ; free physical = 507 ; free virtual = 9493
Finished Applying XDC Timing Constraints : Time (s): cpu = 00:01:26 ; elapsed = 00:01:27 . Memory (MB): peak = 1434.816 ; gain = 518.836 ; free physical = 470 ; free virtual = 9456
Finished Timing Optimization : Time (s): cpu = 00:01:26 ; elapsed = 00:01:27 . Memory (MB): peak = 1434.816 ; gain = 518.836 ; free physical = 469 ; free virtual = 9456
Finished Technology Mapping : Time (s): cpu = 00:01:26 ; elapsed = 00:01:27 . Memory (MB): peak = 1434.816 ; gain = 518.836 ; free physical = 459 ; free virtual = 9446
Finished IO Insertion : Time (s): cpu = 00:01:26 ; elapsed = 00:01:27 . Memory (MB): peak = 1434.816 ; gain = 518.836 ; free physical = 458 ; free virtual = 9445
Finished Renaming Generated Instances : Time (s): cpu = 00:01:26 ; elapsed = 00:01:27 . Memory (MB): peak = 1434.816 ; gain = 518.836 ; free physical = 458 ; free virtual = 9445
Finished Rebuilding User Hierarchy : Time (s): cpu = 00:01:26 ; elapsed = 00:01:27 . Memory (MB): peak = 1434.816 ; gain = 518.836 ; free physical = 458 ; free virtual = 9445
Finished Renaming Generated Ports : Time (s): cpu = 00:01:26 ; elapsed = 00:01:27 . Memory (MB): peak = 1434.816 ; gain = 518.836 ; free physical = 458 ; free virtual = 9445
Finished Handling Custom Attributes : Time (s): cpu = 00:01:26 ; elapsed = 00:01:27 . Memory (MB): peak = 1434.816 ; gain = 518.836 ; free physical = 456 ; free virtual = 9443
Finished Renaming Generated Nets : Time (s): cpu = 00:01:26 ; elapsed = 00:01:27 . Memory (MB): peak = 1434.816 ; gain = 518.836 ; free physical = 456 ; free virtual = 9443

Report Cell Usage: 
+------+---------+------+
|      |Cell     |Count |
+------+---------+------+
|1     |RAMB36E1 |    16|
+------+---------+------+
Finished Writing Synthesis Report : Time (s): cpu = 00:01:26 ; elapsed = 00:01:27 . Memory (MB): peak = 1434.816 ; gain = 518.836 ; free physical = 455 ; free virtual = 9442
synth_design: Time (s): cpu = 00:01:25 ; elapsed = 00:01:26 . Memory (MB): peak = 1449.332 ; gain = 440.633 ; free physical = 435 ; free virtual = 9422
