13:15:53 **** Build of project helloWorld_bsp ****
make -k all 
Running Make include in MB_Sys2_microblaze_2/libsrc/bram_v4_1/src
make -C MB_Sys2_microblaze_2/libsrc/bram_v4_1/src -s include  "SHELL=/bin/sh" "COMPILER=mb-gcc" "ARCHIVER=mb-ar" "COMPILER_FLAGS= -O2 -c -mcpu=v10.0 -mlittle-endian -mno-xl-reorder -mxl-soft-mul" "EXTRA_COMPILER_FLAGS=-g"
Running Make include in MB_Sys2_microblaze_2/libsrc/cpu_v2_5/src
make -C MB_Sys2_microblaze_2/libsrc/cpu_v2_5/src -s include  "SHELL=/bin/sh" "COMPILER=mb-gcc" "ARCHIVER=mb-ar" "COMPILER_FLAGS= -O2 -c -mcpu=v10.0 -mlittle-endian -mno-xl-reorder -mxl-soft-mul" "EXTRA_COMPILER_FLAGS=-g"
Running Make include in MB_Sys2_microblaze_2/libsrc/iic_v3_3/src
make -C MB_Sys2_microblaze_2/libsrc/iic_v3_3/src -s include  "SHELL=/bin/sh" "COMPILER=mb-gcc" "ARCHIVER=mb-ar" "COMPILER_FLAGS= -O2 -c -mcpu=v10.0 -mlittle-endian -mno-xl-reorder -mxl-soft-mul" "EXTRA_COMPILER_FLAGS=-g"
Running Make include in MB_Sys2_microblaze_2/libsrc/intc_v3_5/src
make -C MB_Sys2_microblaze_2/libsrc/intc_v3_5/src -s include  "SHELL=/bin/sh" "COMPILER=mb-gcc" "ARCHIVER=mb-ar" "COMPILER_FLAGS= -O2 -c -mcpu=v10.0 -mlittle-endian -mno-xl-reorder -mxl-soft-mul" "EXTRA_COMPILER_FLAGS=-g"
Running Make include in MB_Sys2_microblaze_2/libsrc/standalone_v6_0/src
make -C MB_Sys2_microblaze_2/libsrc/standalone_v6_0/src -s include  "SHELL=/bin/sh" "COMPILER=mb-gcc" "ARCHIVER=mb-ar" "COMPILER_FLAGS= -O2 -c -mcpu=v10.0 -mlittle-endian -mno-xl-reorder -mxl-soft-mul" "EXTRA_COMPILER_FLAGS=-g"
Running Make include in MB_Sys2_microblaze_2/libsrc/uartlite_v3_2/src
make -C MB_Sys2_microblaze_2/libsrc/uartlite_v3_2/src -s include  "SHELL=/bin/sh" "COMPILER=mb-gcc" "ARCHIVER=mb-ar" "COMPILER_FLAGS= -O2 -c -mcpu=v10.0 -mlittle-endian -mno-xl-reorder -mxl-soft-mul" "EXTRA_COMPILER_FLAGS=-g"
Running Make libs in MB_Sys2_microblaze_2/libsrc/bram_v4_1/src
make -C MB_Sys2_microblaze_2/libsrc/bram_v4_1/src -s libs  "SHELL=/bin/sh" "COMPILER=mb-gcc" "ARCHIVER=mb-ar" "COMPILER_FLAGS= -O2 -c -mcpu=v10.0 -mlittle-endian -mno-xl-reorder -mxl-soft-mul" "EXTRA_COMPILER_FLAGS=-g"
Compiling bram
mb-ar: creating ../../../lib/libxil.a
Running Make libs in MB_Sys2_microblaze_2/libsrc/cpu_v2_5/src
make -C MB_Sys2_microblaze_2/libsrc/cpu_v2_5/src -s libs  "SHELL=/bin/sh" "COMPILER=mb-gcc" "ARCHIVER=mb-ar" "COMPILER_FLAGS= -O2 -c -mcpu=v10.0 -mlittle-endian -mno-xl-reorder -mxl-soft-mul" "EXTRA_COMPILER_FLAGS=-g"
Compiling cpu
Running Make libs in MB_Sys2_microblaze_2/libsrc/iic_v3_3/src
make -C MB_Sys2_microblaze_2/libsrc/iic_v3_3/src -s libs  "SHELL=/bin/sh" "COMPILER=mb-gcc" "ARCHIVER=mb-ar" "COMPILER_FLAGS= -O2 -c -mcpu=v10.0 -mlittle-endian -mno-xl-reorder -mxl-soft-mul" "EXTRA_COMPILER_FLAGS=-g"
Compiling iic
Running Make libs in MB_Sys2_microblaze_2/libsrc/intc_v3_5/src
make -C MB_Sys2_microblaze_2/libsrc/intc_v3_5/src -s libs  "SHELL=/bin/sh" "COMPILER=mb-gcc" "ARCHIVER=mb-ar" "COMPILER_FLAGS= -O2 -c -mcpu=v10.0 -mlittle-endian -mno-xl-reorder -mxl-soft-mul" "EXTRA_COMPILER_FLAGS=-g"
Compiling intc
Running Make libs in MB_Sys2_microblaze_2/libsrc/standalone_v6_0/src
make -C MB_Sys2_microblaze_2/libsrc/standalone_v6_0/src -s libs  "SHELL=/bin/sh" "COMPILER=mb-gcc" "ARCHIVER=mb-ar" "COMPILER_FLAGS= -O2 -c -mcpu=v10.0 -mlittle-endian -mno-xl-reorder -mxl-soft-mul" "EXTRA_COMPILER_FLAGS=-g"
Compiling standalone
Running Make libs in MB_Sys2_microblaze_2/libsrc/uartlite_v3_2/src
make -C MB_Sys2_microblaze_2/libsrc/uartlite_v3_2/src -s libs  "SHELL=/bin/sh" "COMPILER=mb-gcc" "ARCHIVER=mb-ar" "COMPILER_FLAGS= -O2 -c -mcpu=v10.0 -mlittle-endian -mno-xl-reorder -mxl-soft-mul" "EXTRA_COMPILER_FLAGS=-g"
Compiling uartlite
Finished building libraries

13:15:55 Build Finished (took 2s.285ms)

