
*** Running vivado
    with args -log design_1_rst_clk_wiz_0_100M_0.vds -m64 -product Vivado -mode batch -messageDb vivado.pb -notrace -source design_1_rst_clk_wiz_0_100M_0.tcl


****** Vivado v2016.3 (64-bit)
  **** SW Build 1682563 on Mon Oct 10 19:07:26 MDT 2016
  **** IP Build 1681267 on Mon Oct 10 21:28:31 MDT 2016
    ** Copyright 1986-2016 Xilinx, Inc. All Rights Reserved.

source design_1_rst_clk_wiz_0_100M_0.tcl -notrace
Starting RTL Elaboration : Time (s): cpu = 00:00:07 ; elapsed = 00:00:07 . Memory (MB): peak = 1089.273 ; gain = 173.297 ; free physical = 717 ; free virtual = 9646
INFO: [Synth 8-638] synthesizing module 'design_1_rst_clk_wiz_0_100M_0' [/home/ravi/vivado_projects/multiple_microblaze/multiple_microblaze.srcs/sources_1/bd/design_1/ip/design_1_rst_clk_wiz_0_100M_0/synth/design_1_rst_clk_wiz_0_100M_0.vhd:71]
INFO: [Synth 8-638] synthesizing module 'proc_sys_reset' [/home/ravi/vivado_projects/multiple_microblaze/multiple_microblaze.srcs/sources_1/bd/design_1/ipshared/04b4/hdl/proc_sys_reset_v5_0_vh_rfs.vhd:1323]
INFO: [Synth 8-638] synthesizing module 'lpf' [/home/ravi/vivado_projects/multiple_microblaze/multiple_microblaze.srcs/sources_1/bd/design_1/ipshared/04b4/hdl/proc_sys_reset_v5_0_vh_rfs.vhd:816]
INFO: [Synth 8-638] synthesizing module 'SRL16' [/opt/Xilinx/Vivado/2016.3/scripts/rt/data/unisim_comp.v:43312]
INFO: [Synth 8-256] done synthesizing module 'SRL16' (1#1) [/opt/Xilinx/Vivado/2016.3/scripts/rt/data/unisim_comp.v:43312]
INFO: [Synth 8-638] synthesizing module 'cdc_sync' [/home/ravi/vivado_projects/multiple_microblaze/multiple_microblaze.srcs/sources_1/bd/design_1/ipshared/52cb/hdl/lib_cdc_v1_0_rfs.vhd:106]
INFO: [Synth 8-256] done synthesizing module 'cdc_sync' (2#1) [/home/ravi/vivado_projects/multiple_microblaze/multiple_microblaze.srcs/sources_1/bd/design_1/ipshared/52cb/hdl/lib_cdc_v1_0_rfs.vhd:106]
INFO: [Synth 8-256] done synthesizing module 'lpf' (3#1) [/home/ravi/vivado_projects/multiple_microblaze/multiple_microblaze.srcs/sources_1/bd/design_1/ipshared/04b4/hdl/proc_sys_reset_v5_0_vh_rfs.vhd:816]
INFO: [Synth 8-638] synthesizing module 'sequence_psr' [/home/ravi/vivado_projects/multiple_microblaze/multiple_microblaze.srcs/sources_1/bd/design_1/ipshared/04b4/hdl/proc_sys_reset_v5_0_vh_rfs.vhd:301]
INFO: [Synth 8-638] synthesizing module 'upcnt_n' [/home/ravi/vivado_projects/multiple_microblaze/multiple_microblaze.srcs/sources_1/bd/design_1/ipshared/04b4/hdl/proc_sys_reset_v5_0_vh_rfs.vhd:125]
INFO: [Synth 8-256] done synthesizing module 'upcnt_n' (4#1) [/home/ravi/vivado_projects/multiple_microblaze/multiple_microblaze.srcs/sources_1/bd/design_1/ipshared/04b4/hdl/proc_sys_reset_v5_0_vh_rfs.vhd:125]
INFO: [Synth 8-256] done synthesizing module 'sequence_psr' (5#1) [/home/ravi/vivado_projects/multiple_microblaze/multiple_microblaze.srcs/sources_1/bd/design_1/ipshared/04b4/hdl/proc_sys_reset_v5_0_vh_rfs.vhd:301]
INFO: [Synth 8-256] done synthesizing module 'proc_sys_reset' (6#1) [/home/ravi/vivado_projects/multiple_microblaze/multiple_microblaze.srcs/sources_1/bd/design_1/ipshared/04b4/hdl/proc_sys_reset_v5_0_vh_rfs.vhd:1323]
INFO: [Synth 8-256] done synthesizing module 'design_1_rst_clk_wiz_0_100M_0' (7#1) [/home/ravi/vivado_projects/multiple_microblaze/multiple_microblaze.srcs/sources_1/bd/design_1/ip/design_1_rst_clk_wiz_0_100M_0/synth/design_1_rst_clk_wiz_0_100M_0.vhd:71]
Finished RTL Elaboration : Time (s): cpu = 00:00:07 ; elapsed = 00:00:08 . Memory (MB): peak = 1130.750 ; gain = 214.773 ; free physical = 675 ; free virtual = 9604
Finished RTL Optimization Phase 1 : Time (s): cpu = 00:00:08 ; elapsed = 00:00:08 . Memory (MB): peak = 1130.750 ; gain = 214.773 ; free physical = 675 ; free virtual = 9603
INFO: [Device 21-403] Loading part xc7z010clg400-1
Constraint Validation Runtime : Time (s): cpu = 00:00:00.01 ; elapsed = 00:00:00.01 . Memory (MB): peak = 1447.977 ; gain = 0.004 ; free physical = 469 ; free virtual = 9403
Finished Constraint Validation : Time (s): cpu = 00:00:17 ; elapsed = 00:00:17 . Memory (MB): peak = 1447.977 ; gain = 532.000 ; free physical = 165 ; free virtual = 9114
Finished Loading Part and Timing Information : Time (s): cpu = 00:00:17 ; elapsed = 00:00:17 . Memory (MB): peak = 1447.977 ; gain = 532.000 ; free physical = 165 ; free virtual = 9114
Finished applying 'set_property' XDC Constraints : Time (s): cpu = 00:00:17 ; elapsed = 00:00:17 . Memory (MB): peak = 1447.977 ; gain = 532.000 ; free physical = 163 ; free virtual = 9112
Finished RTL Optimization Phase 2 : Time (s): cpu = 00:00:17 ; elapsed = 00:00:18 . Memory (MB): peak = 1447.977 ; gain = 532.000 ; free physical = 155 ; free virtual = 9109
Finished Cross Boundary and Area Optimization : Time (s): cpu = 00:00:17 ; elapsed = 00:00:18 . Memory (MB): peak = 1447.977 ; gain = 532.000 ; free physical = 141 ; free virtual = 9097
Finished Applying XDC Timing Constraints : Time (s): cpu = 00:00:26 ; elapsed = 00:00:27 . Memory (MB): peak = 1447.977 ; gain = 532.000 ; free physical = 996 ; free virtual = 9950
Finished Timing Optimization : Time (s): cpu = 00:00:26 ; elapsed = 00:00:27 . Memory (MB): peak = 1447.977 ; gain = 532.000 ; free physical = 996 ; free virtual = 9950
Finished Technology Mapping : Time (s): cpu = 00:00:26 ; elapsed = 00:00:27 . Memory (MB): peak = 1447.977 ; gain = 532.000 ; free physical = 976 ; free virtual = 9930
Finished IO Insertion : Time (s): cpu = 00:00:27 ; elapsed = 00:00:27 . Memory (MB): peak = 1447.977 ; gain = 532.000 ; free physical = 899 ; free virtual = 9853
Finished Renaming Generated Instances : Time (s): cpu = 00:00:27 ; elapsed = 00:00:27 . Memory (MB): peak = 1447.977 ; gain = 532.000 ; free physical = 899 ; free virtual = 9853
Finished Rebuilding User Hierarchy : Time (s): cpu = 00:00:27 ; elapsed = 00:00:27 . Memory (MB): peak = 1447.977 ; gain = 532.000 ; free physical = 899 ; free virtual = 9853
Finished Renaming Generated Ports : Time (s): cpu = 00:00:27 ; elapsed = 00:00:27 . Memory (MB): peak = 1447.977 ; gain = 532.000 ; free physical = 899 ; free virtual = 9853
Finished Handling Custom Attributes : Time (s): cpu = 00:00:27 ; elapsed = 00:00:27 . Memory (MB): peak = 1447.977 ; gain = 532.000 ; free physical = 899 ; free virtual = 9853
Finished Renaming Generated Nets : Time (s): cpu = 00:00:27 ; elapsed = 00:00:27 . Memory (MB): peak = 1447.977 ; gain = 532.000 ; free physical = 899 ; free virtual = 9853

Report Cell Usage: 
+------+------+------+
|      |Cell  |Count |
+------+------+------+
|1     |LUT1  |     5|
|2     |LUT2  |     9|
|3     |LUT3  |     1|
|4     |LUT4  |     6|
|5     |LUT5  |     3|
|6     |LUT6  |     1|
|7     |SRL16 |     1|
|8     |FDR   |     8|
|9     |FDRE  |    28|
|10    |FDSE  |     4|
+------+------+------+
Finished Writing Synthesis Report : Time (s): cpu = 00:00:27 ; elapsed = 00:00:27 . Memory (MB): peak = 1447.977 ; gain = 532.000 ; free physical = 899 ; free virtual = 9853
synth_design: Time (s): cpu = 00:00:25 ; elapsed = 00:00:26 . Memory (MB): peak = 1447.980 ; gain = 440.285 ; free physical = 845 ; free virtual = 9799
