
*** Running vivado
    with args -log design_1_lmb_bram_6.vds -m64 -product Vivado -mode batch -messageDb vivado.pb -notrace -source design_1_lmb_bram_6.tcl


****** Vivado v2016.3 (64-bit)
  **** SW Build 1682563 on Mon Oct 10 19:07:26 MDT 2016
  **** IP Build 1681267 on Mon Oct 10 21:28:31 MDT 2016
    ** Copyright 1986-2016 Xilinx, Inc. All Rights Reserved.

source design_1_lmb_bram_6.tcl -notrace
Starting RTL Elaboration : Time (s): cpu = 00:00:08 ; elapsed = 00:00:08 . Memory (MB): peak = 1093.273 ; gain = 177.301 ; free physical = 938 ; free virtual = 11875
INFO: [Synth 8-638] synthesizing module 'design_1_lmb_bram_6' [/home/ravi/ThesisWork/multiple_microblaze/multiple_microblaze.srcs/sources_1/bd/design_1/ip/design_1_lmb_bram_6/synth/design_1_lmb_bram_6.vhd:78]
INFO: [Synth 8-256] done synthesizing module 'design_1_lmb_bram_6' (11#1) [/home/ravi/ThesisWork/multiple_microblaze/multiple_microblaze.srcs/sources_1/bd/design_1/ip/design_1_lmb_bram_6/synth/design_1_lmb_bram_6.vhd:78]
Finished RTL Elaboration : Time (s): cpu = 00:01:07 ; elapsed = 00:01:07 . Memory (MB): peak = 1292.949 ; gain = 376.977 ; free physical = 663 ; free virtual = 11607
Finished RTL Optimization Phase 1 : Time (s): cpu = 00:01:07 ; elapsed = 00:01:08 . Memory (MB): peak = 1292.949 ; gain = 376.977 ; free physical = 662 ; free virtual = 11606
INFO: [Device 21-403] Loading part xc7z010clg400-1
Constraint Validation Runtime : Time (s): cpu = 00:00:00.03 ; elapsed = 00:00:00.02 . Memory (MB): peak = 1436.809 ; gain = 0.004 ; free physical = 490 ; free virtual = 11433
Finished Constraint Validation : Time (s): cpu = 00:01:16 ; elapsed = 00:01:17 . Memory (MB): peak = 1436.809 ; gain = 520.836 ; free physical = 443 ; free virtual = 11387
Finished Loading Part and Timing Information : Time (s): cpu = 00:01:16 ; elapsed = 00:01:17 . Memory (MB): peak = 1436.809 ; gain = 520.836 ; free physical = 443 ; free virtual = 11387
Finished applying 'set_property' XDC Constraints : Time (s): cpu = 00:01:16 ; elapsed = 00:01:17 . Memory (MB): peak = 1436.809 ; gain = 520.836 ; free physical = 443 ; free virtual = 11387
Finished RTL Optimization Phase 2 : Time (s): cpu = 00:01:17 ; elapsed = 00:01:17 . Memory (MB): peak = 1436.809 ; gain = 520.836 ; free physical = 433 ; free virtual = 11377
Finished Cross Boundary and Area Optimization : Time (s): cpu = 00:01:17 ; elapsed = 00:01:18 . Memory (MB): peak = 1436.809 ; gain = 520.836 ; free physical = 417 ; free virtual = 11361
Finished Applying XDC Timing Constraints : Time (s): cpu = 00:01:25 ; elapsed = 00:01:25 . Memory (MB): peak = 1436.809 ; gain = 520.836 ; free physical = 374 ; free virtual = 11318
Finished Timing Optimization : Time (s): cpu = 00:01:25 ; elapsed = 00:01:25 . Memory (MB): peak = 1436.809 ; gain = 520.836 ; free physical = 374 ; free virtual = 11318
Finished Technology Mapping : Time (s): cpu = 00:01:25 ; elapsed = 00:01:25 . Memory (MB): peak = 1436.809 ; gain = 520.836 ; free physical = 364 ; free virtual = 11307
Finished IO Insertion : Time (s): cpu = 00:01:25 ; elapsed = 00:01:26 . Memory (MB): peak = 1436.809 ; gain = 520.836 ; free physical = 364 ; free virtual = 11308
Finished Renaming Generated Instances : Time (s): cpu = 00:01:25 ; elapsed = 00:01:26 . Memory (MB): peak = 1436.809 ; gain = 520.836 ; free physical = 364 ; free virtual = 11308
Finished Rebuilding User Hierarchy : Time (s): cpu = 00:01:25 ; elapsed = 00:01:26 . Memory (MB): peak = 1436.809 ; gain = 520.836 ; free physical = 364 ; free virtual = 11308
Finished Renaming Generated Ports : Time (s): cpu = 00:01:25 ; elapsed = 00:01:26 . Memory (MB): peak = 1436.809 ; gain = 520.836 ; free physical = 364 ; free virtual = 11308
Finished Handling Custom Attributes : Time (s): cpu = 00:01:25 ; elapsed = 00:01:26 . Memory (MB): peak = 1436.809 ; gain = 520.836 ; free physical = 362 ; free virtual = 11306
Finished Renaming Generated Nets : Time (s): cpu = 00:01:25 ; elapsed = 00:01:26 . Memory (MB): peak = 1436.809 ; gain = 520.836 ; free physical = 362 ; free virtual = 11306

Report Cell Usage: 
+------+---------+------+
|      |Cell     |Count |
+------+---------+------+
|1     |RAMB36E1 |    16|
+------+---------+------+
Finished Writing Synthesis Report : Time (s): cpu = 00:01:25 ; elapsed = 00:01:26 . Memory (MB): peak = 1436.809 ; gain = 520.836 ; free physical = 362 ; free virtual = 11306
synth_design: Time (s): cpu = 00:01:23 ; elapsed = 00:01:23 . Memory (MB): peak = 1451.324 ; gain = 441.633 ; free physical = 348 ; free virtual = 11291
