
*** Running vivado
    with args -log design_1_auto_pc_0.vds -m64 -product Vivado -mode batch -messageDb vivado.pb -notrace -source design_1_auto_pc_0.tcl


****** Vivado v2016.3 (64-bit)
  **** SW Build 1682563 on Mon Oct 10 19:07:26 MDT 2016
  **** IP Build 1681267 on Mon Oct 10 21:28:31 MDT 2016
    ** Copyright 1986-2016 Xilinx, Inc. All Rights Reserved.

source design_1_auto_pc_0.tcl -notrace
Starting RTL Elaboration : Time (s): cpu = 00:00:11 ; elapsed = 00:00:12 . Memory (MB): peak = 1099.277 ; gain = 183.301 ; free physical = 3193 ; free virtual = 12018
INFO: [Synth 8-638] synthesizing module 'design_1_auto_pc_0' [/home/ravi/ThesisWork/multiple_microblaze/multiple_microblaze.srcs/sources_1/bd/design_1/ip/design_1_auto_pc_0/synth/design_1_auto_pc_0.v:58]
INFO: [Synth 8-638] synthesizing module 'axi_protocol_converter_v2_1_10_axi_protocol_converter' [/home/ravi/ThesisWork/multiple_microblaze/multiple_microblaze.srcs/sources_1/bd/design_1/ipshared/4a8b/hdl/axi_protocol_converter_v2_1_vl_rfs.v:4806]
INFO: [Synth 8-256] done synthesizing module 'axi_protocol_converter_v2_1_10_axi_protocol_converter' (1#1) [/home/ravi/ThesisWork/multiple_microblaze/multiple_microblaze.srcs/sources_1/bd/design_1/ipshared/4a8b/hdl/axi_protocol_converter_v2_1_vl_rfs.v:4806]
INFO: [Synth 8-256] done synthesizing module 'design_1_auto_pc_0' (2#1) [/home/ravi/ThesisWork/multiple_microblaze/multiple_microblaze.srcs/sources_1/bd/design_1/ip/design_1_auto_pc_0/synth/design_1_auto_pc_0.v:58]
Finished RTL Elaboration : Time (s): cpu = 00:00:46 ; elapsed = 00:00:49 . Memory (MB): peak = 1220.750 ; gain = 304.773 ; free physical = 2656 ; free virtual = 11483
Finished RTL Optimization Phase 1 : Time (s): cpu = 00:00:46 ; elapsed = 00:00:49 . Memory (MB): peak = 1220.750 ; gain = 304.773 ; free physical = 2656 ; free virtual = 11482
INFO: [Device 21-403] Loading part xc7z010clg400-1
Constraint Validation Runtime : Time (s): cpu = 00:00:00.02 ; elapsed = 00:00:00.03 . Memory (MB): peak = 1376.609 ; gain = 0.004 ; free physical = 3025 ; free virtual = 11851
Finished Constraint Validation : Time (s): cpu = 00:00:59 ; elapsed = 00:01:04 . Memory (MB): peak = 1376.609 ; gain = 460.633 ; free physical = 3483 ; free virtual = 12310
Finished Loading Part and Timing Information : Time (s): cpu = 00:00:59 ; elapsed = 00:01:04 . Memory (MB): peak = 1376.609 ; gain = 460.633 ; free physical = 3483 ; free virtual = 12310
Finished applying 'set_property' XDC Constraints : Time (s): cpu = 00:00:59 ; elapsed = 00:01:04 . Memory (MB): peak = 1376.609 ; gain = 460.633 ; free physical = 3483 ; free virtual = 12310
Finished RTL Optimization Phase 2 : Time (s): cpu = 00:00:59 ; elapsed = 00:01:04 . Memory (MB): peak = 1376.609 ; gain = 460.633 ; free physical = 3483 ; free virtual = 12310
Finished Cross Boundary and Area Optimization : Time (s): cpu = 00:01:00 ; elapsed = 00:01:05 . Memory (MB): peak = 1376.609 ; gain = 460.633 ; free physical = 3481 ; free virtual = 12308
Finished Applying XDC Timing Constraints : Time (s): cpu = 00:01:13 ; elapsed = 00:01:20 . Memory (MB): peak = 1404.609 ; gain = 488.633 ; free physical = 3902 ; free virtual = 12731
Finished Timing Optimization : Time (s): cpu = 00:01:13 ; elapsed = 00:01:20 . Memory (MB): peak = 1404.609 ; gain = 488.633 ; free physical = 3902 ; free virtual = 12731
Finished Technology Mapping : Time (s): cpu = 00:01:13 ; elapsed = 00:01:20 . Memory (MB): peak = 1414.621 ; gain = 498.645 ; free physical = 3892 ; free virtual = 12721
Finished IO Insertion : Time (s): cpu = 00:01:13 ; elapsed = 00:01:21 . Memory (MB): peak = 1414.625 ; gain = 498.648 ; free physical = 3836 ; free virtual = 12665
Finished Renaming Generated Instances : Time (s): cpu = 00:01:13 ; elapsed = 00:01:21 . Memory (MB): peak = 1414.625 ; gain = 498.648 ; free physical = 3836 ; free virtual = 12665
Finished Rebuilding User Hierarchy : Time (s): cpu = 00:01:13 ; elapsed = 00:01:21 . Memory (MB): peak = 1414.625 ; gain = 498.648 ; free physical = 3836 ; free virtual = 12665
Finished Renaming Generated Ports : Time (s): cpu = 00:01:13 ; elapsed = 00:01:21 . Memory (MB): peak = 1414.625 ; gain = 498.648 ; free physical = 3836 ; free virtual = 12665
Finished Handling Custom Attributes : Time (s): cpu = 00:01:13 ; elapsed = 00:01:21 . Memory (MB): peak = 1414.625 ; gain = 498.648 ; free physical = 3836 ; free virtual = 12665
Finished Renaming Generated Nets : Time (s): cpu = 00:01:13 ; elapsed = 00:01:21 . Memory (MB): peak = 1414.625 ; gain = 498.648 ; free physical = 3836 ; free virtual = 12665

Report Cell Usage: 
+-+-----+------+
| |Cell |Count |
+-+-----+------+
+-+-----+------+
Finished Writing Synthesis Report : Time (s): cpu = 00:01:13 ; elapsed = 00:01:21 . Memory (MB): peak = 1414.625 ; gain = 498.648 ; free physical = 3836 ; free virtual = 12665
synth_design: Time (s): cpu = 00:01:11 ; elapsed = 00:01:18 . Memory (MB): peak = 1436.625 ; gain = 426.930 ; free physical = 3817 ; free virtual = 12646
