
*** Running vivado
    with args -log design_1_lmb_bram_5.vds -m64 -product Vivado -mode batch -messageDb vivado.pb -notrace -source design_1_lmb_bram_5.tcl


****** Vivado v2016.3 (64-bit)
  **** SW Build 1682563 on Mon Oct 10 19:07:26 MDT 2016
  **** IP Build 1681267 on Mon Oct 10 21:28:31 MDT 2016
    ** Copyright 1986-2016 Xilinx, Inc. All Rights Reserved.

source design_1_lmb_bram_5.tcl -notrace
Starting RTL Elaboration : Time (s): cpu = 00:00:07 ; elapsed = 00:00:07 . Memory (MB): peak = 1093.281 ; gain = 177.301 ; free physical = 557 ; free virtual = 11500
INFO: [Synth 8-638] synthesizing module 'design_1_lmb_bram_5' [/home/ravi/ThesisWork/multiple_microblaze/multiple_microblaze.srcs/sources_1/bd/design_1/ip/design_1_lmb_bram_5/synth/design_1_lmb_bram_5.vhd:78]
INFO: [Synth 8-256] done synthesizing module 'design_1_lmb_bram_5' (11#1) [/home/ravi/ThesisWork/multiple_microblaze/multiple_microblaze.srcs/sources_1/bd/design_1/ip/design_1_lmb_bram_5/synth/design_1_lmb_bram_5.vhd:78]
Finished RTL Elaboration : Time (s): cpu = 00:01:05 ; elapsed = 00:01:06 . Memory (MB): peak = 1292.957 ; gain = 376.977 ; free physical = 784 ; free virtual = 11738
Finished RTL Optimization Phase 1 : Time (s): cpu = 00:01:05 ; elapsed = 00:01:06 . Memory (MB): peak = 1292.957 ; gain = 376.977 ; free physical = 784 ; free virtual = 11738
INFO: [Device 21-403] Loading part xc7z010clg400-1
Constraint Validation Runtime : Time (s): cpu = 00:00:00.02 ; elapsed = 00:00:00.02 . Memory (MB): peak = 1436.816 ; gain = 0.004 ; free physical = 539 ; free virtual = 11496
Finished Constraint Validation : Time (s): cpu = 00:01:18 ; elapsed = 00:01:19 . Memory (MB): peak = 1436.816 ; gain = 520.836 ; free physical = 759 ; free virtual = 11704
Finished Loading Part and Timing Information : Time (s): cpu = 00:01:18 ; elapsed = 00:01:19 . Memory (MB): peak = 1436.816 ; gain = 520.836 ; free physical = 759 ; free virtual = 11704
Finished applying 'set_property' XDC Constraints : Time (s): cpu = 00:01:18 ; elapsed = 00:01:19 . Memory (MB): peak = 1436.816 ; gain = 520.836 ; free physical = 759 ; free virtual = 11704
Finished RTL Optimization Phase 2 : Time (s): cpu = 00:01:19 ; elapsed = 00:01:20 . Memory (MB): peak = 1436.816 ; gain = 520.836 ; free physical = 748 ; free virtual = 11693
Finished Cross Boundary and Area Optimization : Time (s): cpu = 00:01:19 ; elapsed = 00:01:20 . Memory (MB): peak = 1436.816 ; gain = 520.836 ; free physical = 733 ; free virtual = 11678
Finished Applying XDC Timing Constraints : Time (s): cpu = 00:01:27 ; elapsed = 00:01:28 . Memory (MB): peak = 1436.816 ; gain = 520.836 ; free physical = 712 ; free virtual = 11658
Finished Timing Optimization : Time (s): cpu = 00:01:27 ; elapsed = 00:01:28 . Memory (MB): peak = 1436.816 ; gain = 520.836 ; free physical = 707 ; free virtual = 11653
Finished Technology Mapping : Time (s): cpu = 00:01:27 ; elapsed = 00:01:28 . Memory (MB): peak = 1436.816 ; gain = 520.836 ; free physical = 696 ; free virtual = 11642
Finished IO Insertion : Time (s): cpu = 00:01:28 ; elapsed = 00:01:28 . Memory (MB): peak = 1436.816 ; gain = 520.836 ; free physical = 692 ; free virtual = 11638
Finished Renaming Generated Instances : Time (s): cpu = 00:01:28 ; elapsed = 00:01:28 . Memory (MB): peak = 1436.816 ; gain = 520.836 ; free physical = 692 ; free virtual = 11638
Finished Rebuilding User Hierarchy : Time (s): cpu = 00:01:28 ; elapsed = 00:01:28 . Memory (MB): peak = 1436.816 ; gain = 520.836 ; free physical = 692 ; free virtual = 11638
Finished Renaming Generated Ports : Time (s): cpu = 00:01:28 ; elapsed = 00:01:28 . Memory (MB): peak = 1436.816 ; gain = 520.836 ; free physical = 692 ; free virtual = 11638
Finished Handling Custom Attributes : Time (s): cpu = 00:01:28 ; elapsed = 00:01:29 . Memory (MB): peak = 1436.816 ; gain = 520.836 ; free physical = 690 ; free virtual = 11636
Finished Renaming Generated Nets : Time (s): cpu = 00:01:28 ; elapsed = 00:01:29 . Memory (MB): peak = 1436.816 ; gain = 520.836 ; free physical = 690 ; free virtual = 11636

Report Cell Usage: 
+------+---------+------+
|      |Cell     |Count |
+------+---------+------+
|1     |RAMB36E1 |    16|
+------+---------+------+
Finished Writing Synthesis Report : Time (s): cpu = 00:01:28 ; elapsed = 00:01:29 . Memory (MB): peak = 1436.816 ; gain = 520.836 ; free physical = 690 ; free virtual = 11636
synth_design: Time (s): cpu = 00:01:26 ; elapsed = 00:01:27 . Memory (MB): peak = 1451.332 ; gain = 441.633 ; free physical = 655 ; free virtual = 11601
