
*** Running vivado
    with args -log design_1_mdm_1_1.vds -m64 -product Vivado -mode batch -messageDb vivado.pb -notrace -source design_1_mdm_1_1.tcl


****** Vivado v2016.3 (64-bit)
  **** SW Build 1682563 on Mon Oct 10 19:07:26 MDT 2016
  **** IP Build 1681267 on Mon Oct 10 21:28:31 MDT 2016
    ** Copyright 1986-2016 Xilinx, Inc. All Rights Reserved.

source design_1_mdm_1_1.tcl -notrace
Starting RTL Elaboration : Time (s): cpu = 00:00:08 ; elapsed = 00:00:08 . Memory (MB): peak = 1102.277 ; gain = 186.297 ; free physical = 1226 ; free virtual = 12103
INFO: [Synth 8-638] synthesizing module 'design_1_mdm_1_1' [/home/ravi/ThesisWork/multiple_microblaze/multiple_microblaze.srcs/sources_1/bd/design_1/ip/design_1_mdm_1_1/synth/design_1_mdm_1_1.vhd:92]
INFO: [Synth 8-638] synthesizing module 'MDM' [/home/ravi/ThesisWork/multiple_microblaze/multiple_microblaze.srcs/sources_1/bd/design_1/ipshared/911b/hdl/mdm_v3_2_vh_rfs.vhd:13311]
INFO: [Synth 8-638] synthesizing module 'MB_BSCANE2' [/home/ravi/ThesisWork/multiple_microblaze/multiple_microblaze.srcs/sources_1/bd/design_1/ipshared/911b/hdl/mdm_v3_2_vh_rfs.vhd:277]
INFO: [Synth 8-256] done synthesizing module 'MB_BSCANE2' (1#1) [/home/ravi/ThesisWork/multiple_microblaze/multiple_microblaze.srcs/sources_1/bd/design_1/ipshared/911b/hdl/mdm_v3_2_vh_rfs.vhd:277]
INFO: [Synth 8-638] synthesizing module 'MB_BUFG' [/home/ravi/ThesisWork/multiple_microblaze/multiple_microblaze.srcs/sources_1/bd/design_1/ipshared/911b/hdl/mdm_v3_2_vh_rfs.vhd:328]
INFO: [Synth 8-256] done synthesizing module 'MB_BUFG' (2#1) [/home/ravi/ThesisWork/multiple_microblaze/multiple_microblaze.srcs/sources_1/bd/design_1/ipshared/911b/hdl/mdm_v3_2_vh_rfs.vhd:328]
INFO: [Synth 8-638] synthesizing module 'MDM_Core' [/home/ravi/ThesisWork/multiple_microblaze/multiple_microblaze.srcs/sources_1/bd/design_1/ipshared/911b/hdl/mdm_v3_2_vh_rfs.vhd:6525]
INFO: [Synth 8-638] synthesizing module 'JTAG_CONTROL' [/home/ravi/ThesisWork/multiple_microblaze/multiple_microblaze.srcs/sources_1/bd/design_1/ipshared/911b/hdl/mdm_v3_2_vh_rfs.vhd:3101]
INFO: [Synth 8-638] synthesizing module 'MB_FDC_1' [/home/ravi/ThesisWork/multiple_microblaze/multiple_microblaze.srcs/sources_1/bd/design_1/ipshared/911b/hdl/mdm_v3_2_vh_rfs.vhd:630]
INFO: [Synth 8-256] done synthesizing module 'MB_FDC_1' (3#1) [/home/ravi/ThesisWork/multiple_microblaze/multiple_microblaze.srcs/sources_1/bd/design_1/ipshared/911b/hdl/mdm_v3_2_vh_rfs.vhd:630]
INFO: [Synth 8-638] synthesizing module 'MB_FDRE_1' [/home/ravi/ThesisWork/multiple_microblaze/multiple_microblaze.srcs/sources_1/bd/design_1/ipshared/911b/hdl/mdm_v3_2_vh_rfs.vhd:690]
INFO: [Synth 8-256] done synthesizing module 'MB_FDRE_1' (4#1) [/home/ravi/ThesisWork/multiple_microblaze/multiple_microblaze.srcs/sources_1/bd/design_1/ipshared/911b/hdl/mdm_v3_2_vh_rfs.vhd:690]
INFO: [Synth 8-638] synthesizing module 'MB_SRL16E' [/home/ravi/ThesisWork/multiple_microblaze/multiple_microblaze.srcs/sources_1/bd/design_1/ipshared/911b/hdl/mdm_v3_2_vh_rfs.vhd:758]
INFO: [Synth 8-256] done synthesizing module 'MB_SRL16E' (5#1) [/home/ravi/ThesisWork/multiple_microblaze/multiple_microblaze.srcs/sources_1/bd/design_1/ipshared/911b/hdl/mdm_v3_2_vh_rfs.vhd:758]
INFO: [Synth 8-638] synthesizing module 'MB_SRL16E__parameterized1' [/home/ravi/ThesisWork/multiple_microblaze/multiple_microblaze.srcs/sources_1/bd/design_1/ipshared/911b/hdl/mdm_v3_2_vh_rfs.vhd:758]
INFO: [Synth 8-256] done synthesizing module 'MB_SRL16E__parameterized1' (5#1) [/home/ravi/ThesisWork/multiple_microblaze/multiple_microblaze.srcs/sources_1/bd/design_1/ipshared/911b/hdl/mdm_v3_2_vh_rfs.vhd:758]
INFO: [Synth 8-638] synthesizing module 'MB_SRL16E__parameterized3' [/home/ravi/ThesisWork/multiple_microblaze/multiple_microblaze.srcs/sources_1/bd/design_1/ipshared/911b/hdl/mdm_v3_2_vh_rfs.vhd:758]
INFO: [Synth 8-256] done synthesizing module 'MB_SRL16E__parameterized3' (5#1) [/home/ravi/ThesisWork/multiple_microblaze/multiple_microblaze.srcs/sources_1/bd/design_1/ipshared/911b/hdl/mdm_v3_2_vh_rfs.vhd:758]
INFO: [Synth 8-638] synthesizing module 'MB_SRL16E__parameterized5' [/home/ravi/ThesisWork/multiple_microblaze/multiple_microblaze.srcs/sources_1/bd/design_1/ipshared/911b/hdl/mdm_v3_2_vh_rfs.vhd:758]
INFO: [Synth 8-256] done synthesizing module 'MB_SRL16E__parameterized5' (5#1) [/home/ravi/ThesisWork/multiple_microblaze/multiple_microblaze.srcs/sources_1/bd/design_1/ipshared/911b/hdl/mdm_v3_2_vh_rfs.vhd:758]
INFO: [Synth 8-256] done synthesizing module 'JTAG_CONTROL' (6#1) [/home/ravi/ThesisWork/multiple_microblaze/multiple_microblaze.srcs/sources_1/bd/design_1/ipshared/911b/hdl/mdm_v3_2_vh_rfs.vhd:3101]
INFO: [Synth 8-256] done synthesizing module 'MDM_Core' (7#1) [/home/ravi/ThesisWork/multiple_microblaze/multiple_microblaze.srcs/sources_1/bd/design_1/ipshared/911b/hdl/mdm_v3_2_vh_rfs.vhd:6525]
INFO: [Synth 8-256] done synthesizing module 'MDM' (8#1) [/home/ravi/ThesisWork/multiple_microblaze/multiple_microblaze.srcs/sources_1/bd/design_1/ipshared/911b/hdl/mdm_v3_2_vh_rfs.vhd:13311]
INFO: [Synth 8-256] done synthesizing module 'design_1_mdm_1_1' (9#1) [/home/ravi/ThesisWork/multiple_microblaze/multiple_microblaze.srcs/sources_1/bd/design_1/ip/design_1_mdm_1_1/synth/design_1_mdm_1_1.vhd:92]
Finished RTL Elaboration : Time (s): cpu = 00:00:10 ; elapsed = 00:00:10 . Memory (MB): peak = 1152.754 ; gain = 236.773 ; free physical = 1047 ; free virtual = 11924
Finished RTL Optimization Phase 1 : Time (s): cpu = 00:00:10 ; elapsed = 00:00:10 . Memory (MB): peak = 1152.754 ; gain = 236.773 ; free physical = 1046 ; free virtual = 11923
INFO: [Device 21-403] Loading part xc7z010clg400-1
Constraint Validation Runtime : Time (s): cpu = 00:00:00.01 ; elapsed = 00:00:00.01 . Memory (MB): peak = 1471.984 ; gain = 1.000 ; free physical = 720 ; free virtual = 11598
Finished Constraint Validation : Time (s): cpu = 00:00:19 ; elapsed = 00:00:20 . Memory (MB): peak = 1471.988 ; gain = 556.008 ; free physical = 608 ; free virtual = 11486
Finished Loading Part and Timing Information : Time (s): cpu = 00:00:19 ; elapsed = 00:00:20 . Memory (MB): peak = 1471.988 ; gain = 556.008 ; free physical = 608 ; free virtual = 11486
Finished applying 'set_property' XDC Constraints : Time (s): cpu = 00:00:19 ; elapsed = 00:00:20 . Memory (MB): peak = 1471.988 ; gain = 556.008 ; free physical = 605 ; free virtual = 11483
Finished RTL Optimization Phase 2 : Time (s): cpu = 00:00:20 ; elapsed = 00:00:20 . Memory (MB): peak = 1471.988 ; gain = 556.008 ; free physical = 605 ; free virtual = 11483
Finished Cross Boundary and Area Optimization : Time (s): cpu = 00:00:21 ; elapsed = 00:00:21 . Memory (MB): peak = 1471.992 ; gain = 556.012 ; free physical = 604 ; free virtual = 11482
Finished Applying XDC Timing Constraints : Time (s): cpu = 00:00:28 ; elapsed = 00:00:29 . Memory (MB): peak = 1471.992 ; gain = 556.012 ; free physical = 581 ; free virtual = 11459
Finished Timing Optimization : Time (s): cpu = 00:00:28 ; elapsed = 00:00:29 . Memory (MB): peak = 1471.992 ; gain = 556.012 ; free physical = 581 ; free virtual = 11459
Finished Technology Mapping : Time (s): cpu = 00:00:28 ; elapsed = 00:00:29 . Memory (MB): peak = 1471.992 ; gain = 556.012 ; free physical = 581 ; free virtual = 11459
Finished IO Insertion : Time (s): cpu = 00:00:29 ; elapsed = 00:00:30 . Memory (MB): peak = 1471.992 ; gain = 556.012 ; free physical = 581 ; free virtual = 11459
Finished Renaming Generated Instances : Time (s): cpu = 00:00:29 ; elapsed = 00:00:30 . Memory (MB): peak = 1471.992 ; gain = 556.012 ; free physical = 581 ; free virtual = 11459
Finished Rebuilding User Hierarchy : Time (s): cpu = 00:00:29 ; elapsed = 00:00:30 . Memory (MB): peak = 1471.992 ; gain = 556.012 ; free physical = 581 ; free virtual = 11459
Finished Renaming Generated Ports : Time (s): cpu = 00:00:29 ; elapsed = 00:00:30 . Memory (MB): peak = 1471.992 ; gain = 556.012 ; free physical = 581 ; free virtual = 11459
Finished Handling Custom Attributes : Time (s): cpu = 00:00:29 ; elapsed = 00:00:30 . Memory (MB): peak = 1471.992 ; gain = 556.012 ; free physical = 581 ; free virtual = 11459
Finished Renaming Generated Nets : Time (s): cpu = 00:00:29 ; elapsed = 00:00:30 . Memory (MB): peak = 1471.992 ; gain = 556.012 ; free physical = 581 ; free virtual = 11459

Report Cell Usage: 
+------+--------+------+
|      |Cell    |Count |
+------+--------+------+
|1     |BSCANE2 |     1|
|2     |BUFG    |     1|
|3     |LUT1    |     3|
|4     |LUT2    |    14|
|5     |LUT3    |    23|
|6     |LUT4    |    35|
|7     |LUT5    |    24|
|8     |LUT6    |    33|
|9     |SRL16E  |     7|
|10    |FDCE    |   103|
|11    |FDC_1   |     1|
|12    |FDPE    |     7|
|13    |FDRE    |     3|
|14    |FDRE_1  |     1|
+------+--------+------+
Finished Writing Synthesis Report : Time (s): cpu = 00:00:29 ; elapsed = 00:00:30 . Memory (MB): peak = 1471.992 ; gain = 556.012 ; free physical = 581 ; free virtual = 11459
synth_design: Time (s): cpu = 00:00:28 ; elapsed = 00:00:29 . Memory (MB): peak = 1873.145 ; gain = 851.445 ; free physical = 275 ; free virtual = 11153
