
*** Running vivado
    with args -log design_1_microblaze_0_xlconcat_1.vds -m64 -product Vivado -mode batch -messageDb vivado.pb -notrace -source design_1_microblaze_0_xlconcat_1.tcl


****** Vivado v2016.3 (64-bit)
  **** SW Build 1682563 on Mon Oct 10 19:07:26 MDT 2016
  **** IP Build 1681267 on Mon Oct 10 21:28:31 MDT 2016
    ** Copyright 1986-2016 Xilinx, Inc. All Rights Reserved.

source design_1_microblaze_0_xlconcat_1.tcl -notrace
Starting RTL Elaboration : Time (s): cpu = 00:00:07 ; elapsed = 00:00:07 . Memory (MB): peak = 1089.270 ; gain = 173.297 ; free physical = 651 ; free virtual = 9614
INFO: [Synth 8-638] synthesizing module 'design_1_microblaze_0_xlconcat_1' [/home/ravi/vivado_projects/multiple_microblaze/multiple_microblaze.srcs/sources_1/bd/design_1/ip/design_1_microblaze_0_xlconcat_1/synth/design_1_microblaze_0_xlconcat_1.v:58]
INFO: [Synth 8-638] synthesizing module 'xlconcat' [/home/ravi/vivado_projects/multiple_microblaze/multiple_microblaze.srcs/sources_1/bd/design_1/ipshared/2e37/xlconcat.v:14]
INFO: [Synth 8-256] done synthesizing module 'xlconcat' (1#1) [/home/ravi/vivado_projects/multiple_microblaze/multiple_microblaze.srcs/sources_1/bd/design_1/ipshared/2e37/xlconcat.v:14]
INFO: [Synth 8-256] done synthesizing module 'design_1_microblaze_0_xlconcat_1' (2#1) [/home/ravi/vivado_projects/multiple_microblaze/multiple_microblaze.srcs/sources_1/bd/design_1/ip/design_1_microblaze_0_xlconcat_1/synth/design_1_microblaze_0_xlconcat_1.v:58]
Finished RTL Elaboration : Time (s): cpu = 00:00:07 ; elapsed = 00:00:07 . Memory (MB): peak = 1129.746 ; gain = 213.773 ; free physical = 608 ; free virtual = 9572
Finished RTL Optimization Phase 1 : Time (s): cpu = 00:00:07 ; elapsed = 00:00:08 . Memory (MB): peak = 1129.746 ; gain = 213.773 ; free physical = 603 ; free virtual = 9567
INFO: [Device 21-403] Loading part xc7z010clg400-1
Constraint Validation Runtime : Time (s): cpu = 00:00:00.01 ; elapsed = 00:00:00.01 . Memory (MB): peak = 1354.965 ; gain = 0.000 ; free physical = 423 ; free virtual = 9386
Finished Constraint Validation : Time (s): cpu = 00:00:16 ; elapsed = 00:00:16 . Memory (MB): peak = 1354.965 ; gain = 438.992 ; free physical = 924 ; free virtual = 9890
Finished Loading Part and Timing Information : Time (s): cpu = 00:00:16 ; elapsed = 00:00:16 . Memory (MB): peak = 1354.965 ; gain = 438.992 ; free physical = 924 ; free virtual = 9890
Finished applying 'set_property' XDC Constraints : Time (s): cpu = 00:00:16 ; elapsed = 00:00:16 . Memory (MB): peak = 1354.965 ; gain = 438.992 ; free physical = 924 ; free virtual = 9890
Finished RTL Optimization Phase 2 : Time (s): cpu = 00:00:16 ; elapsed = 00:00:16 . Memory (MB): peak = 1354.965 ; gain = 438.992 ; free physical = 924 ; free virtual = 9890
Finished Cross Boundary and Area Optimization : Time (s): cpu = 00:00:16 ; elapsed = 00:00:17 . Memory (MB): peak = 1354.965 ; gain = 438.992 ; free physical = 924 ; free virtual = 9890
Finished Applying XDC Timing Constraints : Time (s): cpu = 00:00:25 ; elapsed = 00:00:26 . Memory (MB): peak = 1393.965 ; gain = 477.992 ; free physical = 788 ; free virtual = 9753
Finished Timing Optimization : Time (s): cpu = 00:00:25 ; elapsed = 00:00:26 . Memory (MB): peak = 1393.965 ; gain = 477.992 ; free physical = 788 ; free virtual = 9753
Finished Technology Mapping : Time (s): cpu = 00:00:25 ; elapsed = 00:00:26 . Memory (MB): peak = 1402.977 ; gain = 487.004 ; free physical = 779 ; free virtual = 9745
Finished IO Insertion : Time (s): cpu = 00:00:26 ; elapsed = 00:00:26 . Memory (MB): peak = 1402.980 ; gain = 487.008 ; free physical = 753 ; free virtual = 9719
Finished Renaming Generated Instances : Time (s): cpu = 00:00:26 ; elapsed = 00:00:26 . Memory (MB): peak = 1402.980 ; gain = 487.008 ; free physical = 753 ; free virtual = 9719
Finished Rebuilding User Hierarchy : Time (s): cpu = 00:00:26 ; elapsed = 00:00:26 . Memory (MB): peak = 1402.980 ; gain = 487.008 ; free physical = 753 ; free virtual = 9719
Finished Renaming Generated Ports : Time (s): cpu = 00:00:26 ; elapsed = 00:00:26 . Memory (MB): peak = 1402.980 ; gain = 487.008 ; free physical = 753 ; free virtual = 9719
Finished Handling Custom Attributes : Time (s): cpu = 00:00:26 ; elapsed = 00:00:26 . Memory (MB): peak = 1402.980 ; gain = 487.008 ; free physical = 752 ; free virtual = 9718
Finished Renaming Generated Nets : Time (s): cpu = 00:00:26 ; elapsed = 00:00:26 . Memory (MB): peak = 1402.980 ; gain = 487.008 ; free physical = 752 ; free virtual = 9718

Report Cell Usage: 
+-+-----+------+
| |Cell |Count |
+-+-----+------+
+-+-----+------+
Finished Writing Synthesis Report : Time (s): cpu = 00:00:26 ; elapsed = 00:00:26 . Memory (MB): peak = 1402.980 ; gain = 487.008 ; free physical = 752 ; free virtual = 9718
synth_design: Time (s): cpu = 00:00:24 ; elapsed = 00:00:24 . Memory (MB): peak = 1407.977 ; gain = 400.285 ; free physical = 739 ; free virtual = 9704
