
*** Running vivado
    with args -log design_1_xbar_5.vds -m64 -product Vivado -mode batch -messageDb vivado.pb -notrace -source design_1_xbar_5.tcl


****** Vivado v2016.3 (64-bit)
  **** SW Build 1682563 on Mon Oct 10 19:07:26 MDT 2016
  **** IP Build 1681267 on Mon Oct 10 21:28:31 MDT 2016
    ** Copyright 1986-2016 Xilinx, Inc. All Rights Reserved.

source design_1_xbar_5.tcl -notrace
Starting RTL Elaboration : Time (s): cpu = 00:00:08 ; elapsed = 00:00:08 . Memory (MB): peak = 1107.273 ; gain = 191.301 ; free physical = 616 ; free virtual = 11540
INFO: [Synth 8-638] synthesizing module 'design_1_xbar_5' [/home/ravi/ThesisWork/multiple_microblaze/multiple_microblaze.srcs/sources_1/bd/design_1/ip/design_1_xbar_5/synth/design_1_xbar_5.v:59]
INFO: [Synth 8-638] synthesizing module 'axi_crossbar_v2_1_11_axi_crossbar' [/home/ravi/ThesisWork/multiple_microblaze/multiple_microblaze.srcs/sources_1/bd/design_1/ipshared/d552/hdl/axi_crossbar_v2_1_vl_rfs.v:4882]
INFO: [Synth 8-638] synthesizing module 'axi_crossbar_v2_1_11_crossbar_sasd' [/home/ravi/ThesisWork/multiple_microblaze/multiple_microblaze.srcs/sources_1/bd/design_1/ipshared/d552/hdl/axi_crossbar_v2_1_vl_rfs.v:1240]
INFO: [Synth 8-638] synthesizing module 'axi_crossbar_v2_1_11_addr_decoder' [/home/ravi/ThesisWork/multiple_microblaze/multiple_microblaze.srcs/sources_1/bd/design_1/ipshared/d552/hdl/axi_crossbar_v2_1_vl_rfs.v:794]
INFO: [Synth 8-638] synthesizing module 'generic_baseblocks_v2_1_0_comparator_static' [/home/ravi/ThesisWork/multiple_microblaze/multiple_microblaze.srcs/sources_1/bd/design_1/ipshared/7ee0/hdl/generic_baseblocks_v2_1_vl_rfs.v:2133]
INFO: [Synth 8-638] synthesizing module 'generic_baseblocks_v2_1_0_carry_and' [/home/ravi/ThesisWork/multiple_microblaze/multiple_microblaze.srcs/sources_1/bd/design_1/ipshared/7ee0/hdl/generic_baseblocks_v2_1_vl_rfs.v:62]
INFO: [Synth 8-256] done synthesizing module 'generic_baseblocks_v2_1_0_carry_and' (1#1) [/home/ravi/ThesisWork/multiple_microblaze/multiple_microblaze.srcs/sources_1/bd/design_1/ipshared/7ee0/hdl/generic_baseblocks_v2_1_vl_rfs.v:62]
INFO: [Synth 8-256] done synthesizing module 'generic_baseblocks_v2_1_0_comparator_static' (2#1) [/home/ravi/ThesisWork/multiple_microblaze/multiple_microblaze.srcs/sources_1/bd/design_1/ipshared/7ee0/hdl/generic_baseblocks_v2_1_vl_rfs.v:2133]
INFO: [Synth 8-638] synthesizing module 'generic_baseblocks_v2_1_0_comparator_static__parameterized0' [/home/ravi/ThesisWork/multiple_microblaze/multiple_microblaze.srcs/sources_1/bd/design_1/ipshared/7ee0/hdl/generic_baseblocks_v2_1_vl_rfs.v:2133]
INFO: [Synth 8-256] done synthesizing module 'generic_baseblocks_v2_1_0_comparator_static__parameterized0' (2#1) [/home/ravi/ThesisWork/multiple_microblaze/multiple_microblaze.srcs/sources_1/bd/design_1/ipshared/7ee0/hdl/generic_baseblocks_v2_1_vl_rfs.v:2133]
INFO: [Synth 8-638] synthesizing module 'generic_baseblocks_v2_1_0_comparator_static__parameterized1' [/home/ravi/ThesisWork/multiple_microblaze/multiple_microblaze.srcs/sources_1/bd/design_1/ipshared/7ee0/hdl/generic_baseblocks_v2_1_vl_rfs.v:2133]
INFO: [Synth 8-256] done synthesizing module 'generic_baseblocks_v2_1_0_comparator_static__parameterized1' (2#1) [/home/ravi/ThesisWork/multiple_microblaze/multiple_microblaze.srcs/sources_1/bd/design_1/ipshared/7ee0/hdl/generic_baseblocks_v2_1_vl_rfs.v:2133]
INFO: [Synth 8-638] synthesizing module 'generic_baseblocks_v2_1_0_comparator_static__parameterized2' [/home/ravi/ThesisWork/multiple_microblaze/multiple_microblaze.srcs/sources_1/bd/design_1/ipshared/7ee0/hdl/generic_baseblocks_v2_1_vl_rfs.v:2133]
INFO: [Synth 8-256] done synthesizing module 'generic_baseblocks_v2_1_0_comparator_static__parameterized2' (2#1) [/home/ravi/ThesisWork/multiple_microblaze/multiple_microblaze.srcs/sources_1/bd/design_1/ipshared/7ee0/hdl/generic_baseblocks_v2_1_vl_rfs.v:2133]
INFO: [Synth 8-256] done synthesizing module 'axi_crossbar_v2_1_11_addr_decoder' (3#1) [/home/ravi/ThesisWork/multiple_microblaze/multiple_microblaze.srcs/sources_1/bd/design_1/ipshared/d552/hdl/axi_crossbar_v2_1_vl_rfs.v:794]
INFO: [Synth 8-638] synthesizing module 'axi_crossbar_v2_1_11_decerr_slave' [/home/ravi/ThesisWork/multiple_microblaze/multiple_microblaze.srcs/sources_1/bd/design_1/ipshared/d552/hdl/axi_crossbar_v2_1_vl_rfs.v:3500]
INFO: [Synth 8-256] done synthesizing module 'axi_crossbar_v2_1_11_decerr_slave' (4#1) [/home/ravi/ThesisWork/multiple_microblaze/multiple_microblaze.srcs/sources_1/bd/design_1/ipshared/d552/hdl/axi_crossbar_v2_1_vl_rfs.v:3500]
INFO: [Synth 8-638] synthesizing module 'axi_crossbar_v2_1_11_addr_arbiter_sasd' [/home/ravi/ThesisWork/multiple_microblaze/multiple_microblaze.srcs/sources_1/bd/design_1/ipshared/d552/hdl/axi_crossbar_v2_1_vl_rfs.v:65]
INFO: [Synth 8-256] done synthesizing module 'axi_crossbar_v2_1_11_addr_arbiter_sasd' (5#1) [/home/ravi/ThesisWork/multiple_microblaze/multiple_microblaze.srcs/sources_1/bd/design_1/ipshared/d552/hdl/axi_crossbar_v2_1_vl_rfs.v:65]
INFO: [Synth 8-638] synthesizing module 'axi_crossbar_v2_1_11_splitter' [/home/ravi/ThesisWork/multiple_microblaze/multiple_microblaze.srcs/sources_1/bd/design_1/ipshared/d552/hdl/axi_crossbar_v2_1_vl_rfs.v:4459]
INFO: [Synth 8-256] done synthesizing module 'axi_crossbar_v2_1_11_splitter' (6#1) [/home/ravi/ThesisWork/multiple_microblaze/multiple_microblaze.srcs/sources_1/bd/design_1/ipshared/d552/hdl/axi_crossbar_v2_1_vl_rfs.v:4459]
INFO: [Synth 8-638] synthesizing module 'axi_crossbar_v2_1_11_splitter__parameterized0' [/home/ravi/ThesisWork/multiple_microblaze/multiple_microblaze.srcs/sources_1/bd/design_1/ipshared/d552/hdl/axi_crossbar_v2_1_vl_rfs.v:4459]
INFO: [Synth 8-256] done synthesizing module 'axi_crossbar_v2_1_11_splitter__parameterized0' (6#1) [/home/ravi/ThesisWork/multiple_microblaze/multiple_microblaze.srcs/sources_1/bd/design_1/ipshared/d552/hdl/axi_crossbar_v2_1_vl_rfs.v:4459]
INFO: [Synth 8-638] synthesizing module 'generic_baseblocks_v2_1_0_mux_enc' [/home/ravi/ThesisWork/multiple_microblaze/multiple_microblaze.srcs/sources_1/bd/design_1/ipshared/7ee0/hdl/generic_baseblocks_v2_1_vl_rfs.v:2452]
INFO: [Synth 8-256] done synthesizing module 'generic_baseblocks_v2_1_0_mux_enc' (7#1) [/home/ravi/ThesisWork/multiple_microblaze/multiple_microblaze.srcs/sources_1/bd/design_1/ipshared/7ee0/hdl/generic_baseblocks_v2_1_vl_rfs.v:2452]
INFO: [Synth 8-638] synthesizing module 'generic_baseblocks_v2_1_0_mux_enc__parameterized0' [/home/ravi/ThesisWork/multiple_microblaze/multiple_microblaze.srcs/sources_1/bd/design_1/ipshared/7ee0/hdl/generic_baseblocks_v2_1_vl_rfs.v:2452]
INFO: [Synth 8-256] done synthesizing module 'generic_baseblocks_v2_1_0_mux_enc__parameterized0' (7#1) [/home/ravi/ThesisWork/multiple_microblaze/multiple_microblaze.srcs/sources_1/bd/design_1/ipshared/7ee0/hdl/generic_baseblocks_v2_1_vl_rfs.v:2452]
INFO: [Synth 8-638] synthesizing module 'generic_baseblocks_v2_1_0_mux_enc__parameterized1' [/home/ravi/ThesisWork/multiple_microblaze/multiple_microblaze.srcs/sources_1/bd/design_1/ipshared/7ee0/hdl/generic_baseblocks_v2_1_vl_rfs.v:2452]
INFO: [Synth 8-256] done synthesizing module 'generic_baseblocks_v2_1_0_mux_enc__parameterized1' (7#1) [/home/ravi/ThesisWork/multiple_microblaze/multiple_microblaze.srcs/sources_1/bd/design_1/ipshared/7ee0/hdl/generic_baseblocks_v2_1_vl_rfs.v:2452]
INFO: [Synth 8-638] synthesizing module 'generic_baseblocks_v2_1_0_mux_enc__parameterized2' [/home/ravi/ThesisWork/multiple_microblaze/multiple_microblaze.srcs/sources_1/bd/design_1/ipshared/7ee0/hdl/generic_baseblocks_v2_1_vl_rfs.v:2452]
INFO: [Synth 8-256] done synthesizing module 'generic_baseblocks_v2_1_0_mux_enc__parameterized2' (7#1) [/home/ravi/ThesisWork/multiple_microblaze/multiple_microblaze.srcs/sources_1/bd/design_1/ipshared/7ee0/hdl/generic_baseblocks_v2_1_vl_rfs.v:2452]
INFO: [Synth 8-638] synthesizing module 'axi_register_slice_v2_1_10_axic_register_slice' [/home/ravi/ThesisWork/multiple_microblaze/multiple_microblaze.srcs/sources_1/bd/design_1/ipshared/7efe/hdl/axi_register_slice_v2_1_vl_rfs.v:85]
INFO: [Synth 8-256] done synthesizing module 'axi_register_slice_v2_1_10_axic_register_slice' (8#1) [/home/ravi/ThesisWork/multiple_microblaze/multiple_microblaze.srcs/sources_1/bd/design_1/ipshared/7efe/hdl/axi_register_slice_v2_1_vl_rfs.v:85]
INFO: [Synth 8-638] synthesizing module 'generic_baseblocks_v2_1_0_mux_enc__parameterized3' [/home/ravi/ThesisWork/multiple_microblaze/multiple_microblaze.srcs/sources_1/bd/design_1/ipshared/7ee0/hdl/generic_baseblocks_v2_1_vl_rfs.v:2452]
INFO: [Synth 8-256] done synthesizing module 'generic_baseblocks_v2_1_0_mux_enc__parameterized3' (8#1) [/home/ravi/ThesisWork/multiple_microblaze/multiple_microblaze.srcs/sources_1/bd/design_1/ipshared/7ee0/hdl/generic_baseblocks_v2_1_vl_rfs.v:2452]
INFO: [Synth 8-256] done synthesizing module 'axi_crossbar_v2_1_11_crossbar_sasd' (9#1) [/home/ravi/ThesisWork/multiple_microblaze/multiple_microblaze.srcs/sources_1/bd/design_1/ipshared/d552/hdl/axi_crossbar_v2_1_vl_rfs.v:1240]
INFO: [Synth 8-256] done synthesizing module 'axi_crossbar_v2_1_11_axi_crossbar' (10#1) [/home/ravi/ThesisWork/multiple_microblaze/multiple_microblaze.srcs/sources_1/bd/design_1/ipshared/d552/hdl/axi_crossbar_v2_1_vl_rfs.v:4882]
INFO: [Synth 8-256] done synthesizing module 'design_1_xbar_5' (11#1) [/home/ravi/ThesisWork/multiple_microblaze/multiple_microblaze.srcs/sources_1/bd/design_1/ip/design_1_xbar_5/synth/design_1_xbar_5.v:59]
Finished RTL Elaboration : Time (s): cpu = 00:00:11 ; elapsed = 00:00:12 . Memory (MB): peak = 1227.746 ; gain = 311.773 ; free physical = 490 ; free virtual = 11415
Finished RTL Optimization Phase 1 : Time (s): cpu = 00:00:11 ; elapsed = 00:00:12 . Memory (MB): peak = 1227.746 ; gain = 311.773 ; free physical = 490 ; free virtual = 11415
INFO: [Device 21-403] Loading part xc7z010clg400-1
Constraint Validation Runtime : Time (s): cpu = 00:00:00.04 ; elapsed = 00:00:00.04 . Memory (MB): peak = 1473.605 ; gain = 0.004 ; free physical = 244 ; free virtual = 11168
Finished Constraint Validation : Time (s): cpu = 00:00:21 ; elapsed = 00:00:21 . Memory (MB): peak = 1473.605 ; gain = 557.633 ; free physical = 846 ; free virtual = 11772
Finished Loading Part and Timing Information : Time (s): cpu = 00:00:21 ; elapsed = 00:00:21 . Memory (MB): peak = 1473.605 ; gain = 557.633 ; free physical = 846 ; free virtual = 11772
Finished applying 'set_property' XDC Constraints : Time (s): cpu = 00:00:21 ; elapsed = 00:00:21 . Memory (MB): peak = 1473.605 ; gain = 557.633 ; free physical = 846 ; free virtual = 11773
Finished RTL Optimization Phase 2 : Time (s): cpu = 00:00:21 ; elapsed = 00:00:22 . Memory (MB): peak = 1473.605 ; gain = 557.633 ; free physical = 846 ; free virtual = 11772
Finished Cross Boundary and Area Optimization : Time (s): cpu = 00:00:22 ; elapsed = 00:00:23 . Memory (MB): peak = 1473.609 ; gain = 557.637 ; free physical = 820 ; free virtual = 11746
Finished Applying XDC Timing Constraints : Time (s): cpu = 00:00:31 ; elapsed = 00:00:31 . Memory (MB): peak = 1473.609 ; gain = 557.637 ; free physical = 788 ; free virtual = 11714
Finished Timing Optimization : Time (s): cpu = 00:00:32 ; elapsed = 00:00:32 . Memory (MB): peak = 1473.609 ; gain = 557.637 ; free physical = 788 ; free virtual = 11715
Finished Technology Mapping : Time (s): cpu = 00:00:32 ; elapsed = 00:00:32 . Memory (MB): peak = 1481.609 ; gain = 565.637 ; free physical = 780 ; free virtual = 11707
Finished IO Insertion : Time (s): cpu = 00:00:32 ; elapsed = 00:00:33 . Memory (MB): peak = 1481.613 ; gain = 565.641 ; free physical = 778 ; free virtual = 11705
Finished Renaming Generated Instances : Time (s): cpu = 00:00:32 ; elapsed = 00:00:33 . Memory (MB): peak = 1481.613 ; gain = 565.641 ; free physical = 778 ; free virtual = 11705
Finished Rebuilding User Hierarchy : Time (s): cpu = 00:00:33 ; elapsed = 00:00:33 . Memory (MB): peak = 1481.613 ; gain = 565.641 ; free physical = 778 ; free virtual = 11705
Finished Renaming Generated Ports : Time (s): cpu = 00:00:33 ; elapsed = 00:00:33 . Memory (MB): peak = 1481.613 ; gain = 565.641 ; free physical = 778 ; free virtual = 11705
Finished Handling Custom Attributes : Time (s): cpu = 00:00:33 ; elapsed = 00:00:33 . Memory (MB): peak = 1481.613 ; gain = 565.641 ; free physical = 778 ; free virtual = 11705
Finished Renaming Generated Nets : Time (s): cpu = 00:00:33 ; elapsed = 00:00:33 . Memory (MB): peak = 1481.613 ; gain = 565.641 ; free physical = 778 ; free virtual = 11705

Report Cell Usage: 
+------+-----+------+
|      |Cell |Count |
+------+-----+------+
|1     |LUT1 |     2|
|2     |LUT2 |    13|
|3     |LUT3 |    73|
|4     |LUT4 |    55|
|5     |LUT5 |    94|
|6     |LUT6 |    93|
|7     |FDRE |   197|
+------+-----+------+
Finished Writing Synthesis Report : Time (s): cpu = 00:00:33 ; elapsed = 00:00:33 . Memory (MB): peak = 1481.613 ; gain = 565.641 ; free physical = 778 ; free virtual = 11705
synth_design: Time (s): cpu = 00:00:31 ; elapsed = 00:00:31 . Memory (MB): peak = 1481.617 ; gain = 465.926 ; free physical = 774 ; free virtual = 11701
